Log file open, 08/14/18 16:22:52
LogWindows: Failed to load 'aqProf.dll' (GetLastError=126)
LogWindows: File 'aqProf.dll' does not exist
LogWindows: Failed to load 'VSPerf140.dll' (GetLastError=126)
LogWindows: File 'VSPerf140.dll' does not exist
LogWindows: Failed to load 'VtuneApi.dll' (GetLastError=126)
LogWindows: File 'VtuneApi.dll' does not exist
LogWindows: Failed to load 'VtuneApi32e.dll' (GetLastError=126)
LogWindows: File 'VtuneApi32e.dll' does not exist
LogInit: Display: Running engine for game: FPS
LogPlatformFile: Not using cached read wrapper
LogTaskGraph: Started task graph with 5 named threads and 17 total threads with 3 sets of task threads.
LogStats: Stats thread started at 0.239295
LogD3D11RHI: Loaded GFSDK_Aftermath_Lib.x64.dll
LogICUInternationalization: Display: ICU TimeZone Detection - Raw Offset: -5:00, Platform Override: ''
LogPluginManager: Mounting plugin Paper2D
LogPluginManager: Mounting plugin AISupport
LogPluginManager: Mounting plugin LightPropagationVolume
LogPluginManager: Mounting plugin CLionSourceCodeAccess
LogPluginManager: Mounting plugin CodeLiteSourceCodeAccess
LogPluginManager: Mounting plugin GitSourceControl
LogPluginManager: Mounting plugin KDevelopSourceCodeAccess
LogPluginManager: Mounting plugin NullSourceCodeAccess
LogPluginManager: Mounting plugin PerforceSourceControl
LogPluginManager: Mounting plugin SubversionSourceControl
LogPluginManager: Mounting plugin UObjectPlugin
LogPluginManager: Mounting plugin VisualStudioCodeSourceCodeAccess
LogPluginManager: Mounting plugin VisualStudioSourceCodeAccess
LogPluginManager: Mounting plugin XCodeSourceCodeAccess
LogPluginManager: Mounting plugin AssetManagerEditor
LogPluginManager: Mounting plugin CryptoKeys
LogPluginManager: Mounting plugin DataValidation
LogPluginManager: Mounting plugin FacialAnimation
LogPluginManager: Mounting plugin GameplayTagsEditor
LogPluginManager: Mounting plugin MacGraphicsSwitching
LogPluginManager: Mounting plugin MeshEditor
LogPluginManager: Mounting plugin MobileLauncherProfileWizard
LogPluginManager: Mounting plugin PluginBrowser
LogPluginManager: Mounting plugin SpeedTreeImporter
LogPluginManager: Mounting plugin DatasmithContent
LogPluginManager: Mounting plugin AlembicImporter
LogPluginManager: Mounting plugin AppleImageUtils
LogPluginManager: Mounting plugin AppleVision
LogPluginManager: Mounting plugin BackChannel
LogPluginManager: Mounting plugin CharacterAI
LogPluginManager: Mounting plugin GeometryCache
LogPluginManager: Mounting plugin HTML5Networking
LogPluginManager: Mounting plugin ProxyLODPlugin
LogPluginManager: Mounting plugin MagicLeap
LogPluginManager: Mounting plugin MagicLeapEmulator
LogPluginManager: Mounting plugin MagicLeapMedia
LogPluginManager: Mounting plugin AndroidMedia
LogPluginManager: Mounting plugin AvfMedia
LogPluginManager: Mounting plugin ImgMedia
LogPluginManager: Mounting plugin LinearTimecode
LogPluginManager: Mounting plugin MediaCompositing
LogPluginManager: Mounting plugin MediaPlayerEditor
LogPluginManager: Mounting plugin WmfMedia
LogPluginManager: Mounting plugin TcpMessaging
LogPluginManager: Mounting plugin UdpMessaging
LogPluginManager: Mounting plugin ActorSequence
LogPluginManager: Mounting plugin LevelSequenceEditor
LogPluginManager: Mounting plugin MatineeToLevelSequence
LogPluginManager: Mounting plugin NetcodeUnitTest
LogPluginManager: Mounting plugin NUTUnrealEngine4
LogPluginManager: Mounting plugin OnlineSubsystemGooglePlay
LogPluginManager: Mounting plugin OnlineSubsystemIOS
LogPluginManager: Mounting plugin OnlineSubsystem
LogPluginManager: Mounting plugin OnlineSubsystemNull
LogPluginManager: Mounting plugin OnlineSubsystemUtils
LogPluginManager: Mounting plugin LauncherChunkInstaller
LogPluginManager: Mounting plugin AndroidDeviceProfileSelector
LogPluginManager: Mounting plugin AndroidMoviePlayer
LogPluginManager: Mounting plugin AndroidPermission
LogPluginManager: Mounting plugin AppleMoviePlayer
LogPluginManager: Mounting plugin ArchVisCharacter
LogPluginManager: Mounting plugin AudioCapture
LogPluginManager: Mounting plugin CableComponent
LogPluginManager: Mounting plugin CustomMeshComponent
LogPluginManager: Mounting plugin EditableMesh
LogPluginManager: Mounting plugin ExampleDeviceProfileSelector
LogPluginManager: Mounting plugin GoogleCloudMessaging
LogPluginManager: Mounting plugin ImmediatePhysics
LogPluginManager: Mounting plugin IOSDeviceProfileSelector
LogPluginManager: Mounting plugin LinuxDeviceProfileSelector
LogPluginManager: Mounting plugin LocationServicesBPLibrary
LogPluginManager: Mounting plugin MobilePatchingUtils
LogPluginManager: Mounting plugin OculusVR
LogPluginManager: Plugin shader directory ../../../Engine/Plugins/Runtime/Oculus/OculusVR/Shaders found
LogPluginManager: Mapping shader source directory ../../../Engine/Plugins/Runtime/Oculus/OculusVR/Shaders to virtual directory /Plugin/OculusVR
LogPluginManager: Mounting plugin PhysXVehicles
LogPluginManager: Mounting plugin ProceduralMeshComponent
LogPluginManager: Mounting plugin RuntimePhysXCooking
LogPluginManager: Mounting plugin SteamVR
LogPluginManager: Mounting plugin WindowsMoviePlayer
LogStreaming: Display: Took  0.146s to configure plugins.
LogInit: Using libcurl 7.55.1-DEV
LogInit:  - built for x86_64-pc-win32
LogInit:  - supports SSL with OpenSSL/1.0.2h
LogInit:  - supports HTTP deflate (compression) using libz 1.2.8
LogInit:  - other features:
LogInit:      CURL_VERSION_SSL
LogInit:      CURL_VERSION_LIBZ
LogInit:      CURL_VERSION_IPV6
LogInit:      CURL_VERSION_ASYNCHDNS
LogInit:      CURL_VERSION_LARGEFILE
LogInit:      CURL_VERSION_IDN
LogInit:  CurlRequestOptions (configurable via config and command line):
LogInit:  - bVerifyPeer = false  - Libcurl will NOT verify peer certificate
LogInit:  - bUseHttpProxy = false  - Libcurl will NOT use HTTP proxy
LogInit:  - bDontReuseConnections = false  - Libcurl will reuse connections
LogInit:  - CertBundlePath = nullptr  - Libcurl will use whatever was configured at build time.
LogInit:  - MaxHostConnections = 16  - Libcurl will limit the number of connections to a host
LogInit:  - LocalHostAddr = Default
LogInit:  - BufferSize = 65536
LogModuleManager: Warning: ModuleManager: Unable to load module 'OnlineSubsystemSteam'  - 0 instances of that module name found.
LogInit: WinSock: version 1.1 (2.2), MaxSocks=32767, MaxUdp=65467
LogInit: Build: ++UE4+Release-4.20-CL-4233996
LogInit: Engine Version: 4.20.1-4233996+++UE4+Release-4.20
LogInit: Compatible Engine Version: 4.20.0-4212847+++UE4+Release-4.20
LogInit: Net CL: 4212847
LogInit: OS: Windows 10 (), CPU: AMD FX(tm)-6300 Six-Core Processor             , GPU: NVIDIA GeForce GTX 1060 6GB
LogInit: Compiled (64-bit): Jul 26 2018 10:07:30
LogInit: Compiled with Visual C++: 19.13.26129.00
LogInit: Build Configuration: Development
LogInit: Branch Name: ++UE4+Release-4.20
LogInit: Command Line: 
LogInit: Base Directory: E:/Unreal/Unreal Engine/UE_4.20/Engine/Binaries/Win64/
LogInit: Installed Engine Build: 1
LogDevObjectVersion: Number of dev versions registered: 20
LogDevObjectVersion:   Dev-Blueprints (B0D832E4-1F89-4F0D-ACCF-7EB736FD4AA2): 10
LogDevObjectVersion:   Dev-Build (E1C64328-A22C-4D53-A36C-8E866417BD8C): 0
LogDevObjectVersion:   Dev-Core (375EC13C-06E4-48FB-B500-84F0262A717E): 2
LogDevObjectVersion:   Dev-Editor (E4B068ED-F494-42E9-A231-DA0B2E46BB41): 24
LogDevObjectVersion:   Dev-Framework (CFFC743F-43B0-4480-9391-14DF171D2073): 34
LogDevObjectVersion:   Dev-Mobile (B02B49B5-BB20-44E9-A304-32B752E40360): 2
LogDevObjectVersion:   Dev-Networking (A4E4105C-59A1-49B5-A7C5-40C4547EDFEE): 0
LogDevObjectVersion:   Dev-Online (39C831C9-5AE6-47DC-9A44-9C173E1C8E7C): 0
LogDevObjectVersion:   Dev-Physics (78F01B33-EBEA-4F98-B9B4-84EACCB95AA2): 0
LogDevObjectVersion:   Dev-Platform (6631380F-2D4D-43E0-8009-CF276956A95A): 0
LogDevObjectVersion:   Dev-Rendering (12F88B9F-8875-4AFC-A67C-D90C383ABD29): 26
LogDevObjectVersion:   Dev-Sequencer (7B5AE74C-D270-4C10-A958-57980B212A5A): 9
LogDevObjectVersion:   Dev-VR (D7296918-1DD6-4BDD-9DE2-64A83CC13884): 2
LogDevObjectVersion:   Dev-LoadTimes (C2A15278-BFE7-4AFE-6C17-90FF531DF755): 1
LogDevObjectVersion:   Private-Geometry (6EACA3D4-40EC-4CC1-B786-8BED09428FC5): 3
LogDevObjectVersion:   Dev-AnimPhys (29E575DD-E0A3-4627-9D10-D276232CDCEA): 17
LogDevObjectVersion:   Dev-ReflectionCapture (6B266CEC-1EC7-4B8F-A30B-E4D90942FC07): 1
LogDevObjectVersion:   Dev-Automation (0DF73D61-A23F-47EA-B727-89E90C41499A): 1
LogDevObjectVersion:   FortniteMain (601D1886-AC64-4F84-AA16-D3DE0DEAC7D6): 12
LogDevObjectVersion:   Dev-Enterprise (9DFFBCD6-494F-0158-E221-12823C92A888): 1
LogStreaming: Display: Took  0.004s to delete old logs.
LogInit: Presizing for max 8388607 objects, including 0 objects not considered by GC, pre-allocating 0 bytes for permanent pool.
LogInit: Object subsystem initialized
[2018.08.14-20.22.52:852][  0]LogInit: Selected Device Profile: [Windows]
[2018.08.14-20.22.52:852][  0]LogInit: Applying CVar settings loaded from the selected device profile: [Windows]
[2018.08.14-20.22.52:877][  0]LogHAL: Display: Platform has ~ 8 GB [8502751232 / 8589934592 / 8], which maps to Default [LargestMinGB=32, LargerMinGB=12, DefaultMinGB=8, SmallerMinGB=6, SmallestMinGB=0)
[2018.08.14-20.22.52:877][  0]LogInit: Setting Device Profile CVar: [[r.Vulkan.UseRealUBs:1]]
[2018.08.14-20.22.52:877][  0]LogInit: Going up to parent DeviceProfile []
[2018.08.14-20.22.52:878][  0]LogInit: Computer: DESKTOP-GSRJUC9
[2018.08.14-20.22.52:878][  0]LogInit: User: esahn
[2018.08.14-20.22.52:878][  0]LogInit: CPU Page size=4096, Cores=3
[2018.08.14-20.22.52:878][  0]LogInit: High frequency timer resolution =4.311368 MHz
[2018.08.14-20.22.52:878][  0]LogMemory: Memory total: Physical=7.9GB (8GB approx)
[2018.08.14-20.22.52:878][  0]LogMemory: Platform Memory Stats for Windows
[2018.08.14-20.22.52:878][  0]LogMemory: Process Physical Memory: 100.11 MB used, 100.11 MB peak
[2018.08.14-20.22.52:878][  0]LogMemory: Process Virtual Memory: 84.50 MB used, 84.50 MB peak
[2018.08.14-20.22.52:878][  0]LogMemory: Physical Memory: 4741.31 MB used,  3367.54 MB free, 8108.86 MB total
[2018.08.14-20.22.52:878][  0]LogMemory: Virtual Memory: 4624.76 MB used,  3367.54 MB free, 134217728.00 MB total
[2018.08.14-20.22.52:899][  0]LogInit: Using OS detected language (en-US).
[2018.08.14-20.22.52:899][  0]LogInit: Using OS detected locale (en-US).
[2018.08.14-20.22.52:900][  0]LogTextLocalizationManager: No specific localization for 'en-US' exists, so the 'en' localization will be used.
[2018.08.14-20.22.53:339][  0]LogStreaming: Display: Took  0.440s to InitEngineTextLocalization.
[2018.08.14-20.22.53:339][  0]LogInit: Setting process to per monitor DPI aware
[2018.08.14-20.22.53:462][  0]LogSlate: New Slate User Created.  User Index 0, Is Virtual User: 0
[2018.08.14-20.22.53:462][  0]LogSlate: Slate User Registered.  User Index 0, Is Virtual User: 0
[2018.08.14-20.22.53:813][  0]LogHMD: Failed to initialize OpenVR with code 110
[2018.08.14-20.22.53:813][  0]LogD3D11RHI: D3D11 adapters:
[2018.08.14-20.22.53:897][  0]LogD3D11RHI:    0. 'NVIDIA GeForce GTX 1060 6GB' (Feature Level 11_0)
[2018.08.14-20.22.53:897][  0]LogD3D11RHI:       6052/0/4054 MB DedicatedVideo/DedicatedSystem/SharedSystem, Outputs:1, VendorId:0x10de
[2018.08.14-20.22.53:900][  0]LogD3D11RHI:    1. 'Microsoft Basic Render Driver' (Feature Level 11_0)
[2018.08.14-20.22.53:900][  0]LogD3D11RHI:       0/0/4054 MB DedicatedVideo/DedicatedSystem/SharedSystem, Outputs:0, VendorId:0x1414
[2018.08.14-20.22.53:900][  0]LogD3D11RHI: Chosen D3D11 Adapter: 0
[2018.08.14-20.22.53:907][  0]LogD3D11RHI: Creating new Direct3DDevice
[2018.08.14-20.22.53:907][  0]LogD3D11RHI:     GPU DeviceId: 0x1c03 (for the marketing name, search the web for "GPU Device Id")
[2018.08.14-20.22.53:907][  0]LogWindows: EnumDisplayDevices:
[2018.08.14-20.22.53:908][  0]LogWindows:    0. 'NVIDIA GeForce GTX 1060 6GB' (P:1 D:1)
[2018.08.14-20.22.53:908][  0]LogWindows:    1. 'NVIDIA GeForce GTX 1060 6GB' (P:0 D:0)
[2018.08.14-20.22.53:908][  0]LogWindows:    2. 'NVIDIA GeForce GTX 1060 6GB' (P:0 D:0)
[2018.08.14-20.22.53:908][  0]LogWindows:    3. 'NVIDIA GeForce GTX 1060 6GB' (P:0 D:0)
[2018.08.14-20.22.53:908][  0]LogWindows: DebugString: FoundDriverCount:4 
[2018.08.14-20.22.53:908][  0]LogD3D11RHI:     Adapter Name: NVIDIA GeForce GTX 1060 6GB
[2018.08.14-20.22.53:909][  0]LogD3D11RHI:   Driver Version: 398.11 (internal:24.21.13.9811, unified:398.11)
[2018.08.14-20.22.53:909][  0]LogD3D11RHI:      Driver Date: 6-1-2018
[2018.08.14-20.22.53:909][  0]LogRHI: Texture pool is 4236 MB (70% of 6052 MB)
[2018.08.14-20.22.53:962][  0]LogD3D11RHI: Async texture creation enabled
[2018.08.14-20.22.54:030][  0]LogD3D11RHI: GPU Timing Frequency: 1000.000000 (Debug: 2 2)
[2018.08.14-20.22.54:032][  0]LogShaderCompilers: Guid format shader working directory is 2 characters bigger than the processId version (C:/Users/esahn/Documents/Unreal Projects/FPS/Intermediate/Shaders/WorkingDirectory/3972/).
[2018.08.14-20.22.54:032][  0]LogShaderCompilers: Cleaned the shader compiler working directory 'C:/Users/esahn/AppData/Local/Temp/UnrealShaderWorkingDir/88A950A64FF42D789687E592E7083F9A/'.
[2018.08.14-20.22.54:966][  0]LogTemp: Display: Loaded TP AllDesktopTargetPlatform
[2018.08.14-20.22.54:988][  0]LogTemp: Display: Loaded TP MacClientTargetPlatform
[2018.08.14-20.22.55:007][  0]LogTemp: Display: Loaded TP MacNoEditorTargetPlatform
[2018.08.14-20.22.55:029][  0]LogTemp: Display: Loaded TP MacServerTargetPlatform
[2018.08.14-20.22.55:051][  0]LogTemp: Display: Loaded TP MacTargetPlatform
[2018.08.14-20.22.55:071][  0]LogTemp: Display: Loaded TP WindowsClientTargetPlatform
[2018.08.14-20.22.55:090][  0]LogTemp: Display: Loaded TP WindowsNoEditorTargetPlatform
[2018.08.14-20.22.55:109][  0]LogTemp: Display: Loaded TP WindowsServerTargetPlatform
[2018.08.14-20.22.55:117][  0]LogTemp: Display: Loaded TP WindowsTargetPlatform
[2018.08.14-20.22.55:233][  0]LogTemp: Display: Loaded TP AndroidTargetPlatform
[2018.08.14-20.22.55:233][  0]LogTemp: Display: Loaded TP AndroidTargetPlatform
[2018.08.14-20.22.55:233][  0]LogTemp: Display: Loaded TP AndroidTargetPlatform
[2018.08.14-20.22.55:233][  0]LogTemp: Display: Loaded TP AndroidTargetPlatform
[2018.08.14-20.22.55:234][  0]LogTemp: Display: Loaded TP AndroidTargetPlatform
[2018.08.14-20.22.55:234][  0]LogTemp: Display: Loaded TP AndroidTargetPlatform
[2018.08.14-20.22.55:234][  0]LogTemp: Display: Loaded TP AndroidTargetPlatform
[2018.08.14-20.22.55:234][  0]LogTemp: Display: Loaded TP AndroidTargetPlatform
[2018.08.14-20.22.55:234][  0]LogTemp: Display: Loaded TP AndroidTargetPlatform
[2018.08.14-20.22.55:234][  0]LogTemp: Display: Loaded TP AndroidTargetPlatform
[2018.08.14-20.22.55:234][  0]LogTemp: Display: Loaded TP AndroidTargetPlatform
[2018.08.14-20.22.55:234][  0]LogTemp: Display: Loaded TP AndroidTargetPlatform
[2018.08.14-20.22.55:234][  0]LogTemp: Display: Loaded TP AndroidTargetPlatform
[2018.08.14-20.22.55:234][  0]LogTemp: Display: Loaded TP AndroidTargetPlatform
[2018.08.14-20.22.55:234][  0]LogTemp: Display: Loaded TP AndroidTargetPlatform
[2018.08.14-20.22.55:234][  0]LogTemp: Display: Loaded TP AndroidTargetPlatform
[2018.08.14-20.22.55:234][  0]LogTemp: Display: Loaded TP AndroidTargetPlatform
[2018.08.14-20.22.55:234][  0]LogTemp: Display: Loaded TP AndroidTargetPlatform
[2018.08.14-20.22.55:236][  0]LogTemp: Display: Loaded TP HTML5TargetPlatform
[2018.08.14-20.22.55:308][  0]LogTemp: Display: Loaded TP IOSTargetPlatform
[2018.08.14-20.22.55:308][  0]LogTemp: Display: Loaded TP IOSTargetPlatform
[2018.08.14-20.22.55:342][  0]LogTemp: Display: Loaded TP TVOSTargetPlatform
[2018.08.14-20.22.55:342][  0]LogTemp: Display: Loaded TP TVOSTargetPlatform
[2018.08.14-20.22.55:361][  0]LogTemp: Display: Loaded TP LinuxClientTargetPlatform
[2018.08.14-20.22.55:380][  0]LogTemp: Display: Loaded TP LinuxNoEditorTargetPlatform
[2018.08.14-20.22.55:401][  0]LogTemp: Display: Loaded TP LinuxServerTargetPlatform
[2018.08.14-20.22.55:421][  0]LogTemp: Display: Loaded TP LinuxTargetPlatform
[2018.08.14-20.22.55:434][  0]LogTemp: Display: Loaded TP LuminTargetPlatform
[2018.08.14-20.22.55:434][  0]LogTargetPlatformManager: Display: Building Assets For Windows
[2018.08.14-20.22.55:493][  0]LogXGEController: Cannot use XGE Controller as Incredibuild is not installed on this machine.
[2018.08.14-20.22.55:493][  0]LogShaderCompilers: Cannot use XGE Shader Compiler as Incredibuild is not installed on this machine.
[2018.08.14-20.22.55:493][  0]LogShaderCompilers: Display: Using Local Shader Compiler.
[2018.08.14-20.22.56:474][  0]LogDerivedDataCache: Display: Max Cache Size: 512 MB
[2018.08.14-20.22.56:565][  0]LogDerivedDataCache: Loaded boot cache 0.09s 71MB C:/Users/esahn/AppData/Local/UnrealEngine/4.20/DerivedDataCache/Boot.ddc.
[2018.08.14-20.22.56:567][  0]LogDerivedDataCache: Display: Loaded Boot cache: C:/Users/esahn/AppData/Local/UnrealEngine/4.20/DerivedDataCache/Boot.ddc
[2018.08.14-20.22.56:567][  0]LogDerivedDataCache: FDerivedDataBackendGraph:  Pak pak cache file C:/Users/esahn/Documents/Unreal Projects/FPS/DerivedDataCache/DDC.ddp not found, will not use a pak cache.
[2018.08.14-20.22.56:567][  0]LogDerivedDataCache: Unable to find inner node Pak for hierarchical cache Hierarchy.
[2018.08.14-20.22.56:567][  0]LogDerivedDataCache: FDerivedDataBackendGraph:  CompressedPak pak cache file C:/Users/esahn/Documents/Unreal Projects/FPS/DerivedDataCache/Compressed.ddp not found, will not use a pak cache.
[2018.08.14-20.22.56:567][  0]LogDerivedDataCache: Unable to find inner node CompressedPak for hierarchical cache Hierarchy.
[2018.08.14-20.22.56:582][  0]LogDerivedDataCache: Display: Pak cache opened for reading ../../../Engine/DerivedDataCache/Compressed.ddp.
[2018.08.14-20.22.56:595][  0]LogDerivedDataCache: Using Local data cache path C:/Users/esahn/AppData/Local/UnrealEngine/Common/DerivedDataCache: Writable
[2018.08.14-20.22.56:595][  0]LogDerivedDataCache: Shared data cache path not found in *engine.ini, will not use an Shared cache.
[2018.08.14-20.22.56:595][  0]LogDerivedDataCache: Unable to find inner node Shared for hierarchical cache Hierarchy.
[2018.08.14-20.22.56:620][  0]LogMaterial: Verifying Global Shaders for PCD3D_SM5
[2018.08.14-20.22.56:621][  0]LogSlate: Using FreeType 2.6.0
[2018.08.14-20.22.56:623][  0]LogSlate: SlateFontServices - WITH_FREETYPE: 1, WITH_HARFBUZZ: 1
[2018.08.14-20.22.56:722][  0]LogAssetRegistry: FAssetRegistry took 0.0293 seconds to start up
[2018.08.14-20.22.57:191][  0]LogInit: Selected Device Profile: [Windows]
[2018.08.14-20.22.57:349][  0]LogSimplygon: Simplygon DLL not present - disabling.
[2018.08.14-20.22.57:352][  0]LogMeshReduction: Using SimplygonSwarm for distributed automatic mesh merging
[2018.08.14-20.22.57:352][  0]LogMeshReduction: Using ProxyLODMeshReduction for automatic mesh merging
[2018.08.14-20.22.57:352][  0]LogMeshReduction: Using QuadricMeshReduction for automatic static mesh reduction
[2018.08.14-20.22.57:352][  0]LogMeshReduction: No automatic skeletal mesh reduction module available
[2018.08.14-20.22.57:377][  0]LogNetVersion: FPS 1.0.0, NetCL: 4212847, EngineNetVer: 5, GameNetVer: 0 (Checksum: 462728196)
[2018.08.14-20.22.58:214][  0]LogPackageLocalizationCache: Processed 11 localized package path(s) for 2 prioritized culture(s) in 0.160960 seconds
[2018.08.14-20.22.58:222][  0]LogUObjectArray: 38425 objects as part of root set at end of initial load.
[2018.08.14-20.22.58:222][  0]LogUObjectAllocator: 6690864 out of 0 bytes used by permanent object pool.
[2018.08.14-20.22.58:222][  0]LogUObjectArray: CloseDisregardForGC: 0/0 objects in disregard for GC pool
[2018.08.14-20.22.59:478][  0]LogTcpMessaging: Initializing TcpMessaging bridge
[2018.08.14-20.22.59:491][  0]LogUdpMessaging: Initializing bridge on interface 0.0.0.0:0 to multicast group 230.0.0.1:6666.
[2018.08.14-20.22.59:684][  0]SourceControl: Source control is disabled
[2018.08.14-20.22.59:789][  0]LogWindows: Warning: CreateProc failed: The system cannot find the file specified. (0x00000002)
[2018.08.14-20.22.59:789][  0]LogWindows: Warning: URL: C:/Program Files/Git/bin/git.exe version
[2018.08.14-20.22.59:791][  0]LogWindows: Warning: CreateProc failed: The system cannot find the file specified. (0x00000002)
[2018.08.14-20.22.59:791][  0]LogWindows: Warning: URL: C:/Program Files/Git/bin/git.exe version
[2018.08.14-20.22.59:792][  0]LogWindows: Warning: CreateProc failed: The system cannot find the file specified. (0x00000002)
[2018.08.14-20.22.59:792][  0]LogWindows: Warning: URL: C:/Program Files/Git/bin/git.exe version
[2018.08.14-20.22.59:972][  0]LogAndroidPermission: UAndroidPermissionCallbackProxy::GetInstance
[2018.08.14-20.23.00:037][  0]LogOcInput: OculusInput pre-init called
[2018.08.14-20.23.00:105][  0]LogEngine: Initializing Engine...
[2018.08.14-20.23.00:106][  0]LogHMD: Failed to initialize OpenVR with code 110
[2018.08.14-20.23.00:107][  0]LogStats: UGameplayTagsManager::ConstructGameplayTagTree: ImportINI prefixes -  0.000 s
[2018.08.14-20.23.00:107][  0]LogStats: UGameplayTagsManager::ConstructGameplayTagTree: Construct from data asset -  0.000 s
[2018.08.14-20.23.00:107][  0]LogStats: UGameplayTagsManager::ConstructGameplayTagTree: ImportINI -  0.000 s
[2018.08.14-20.23.00:107][  0]LogStats: UGameplayTagsManager::ConstructGameplayTagTree: GameplayTagTreeChangedEvent.Broadcast -  0.000 s
[2018.08.14-20.23.00:359][  0]LogInit: Initializing FReadOnlyCVARCache
[2018.08.14-20.23.00:376][  0]LogAIModule: Creating AISystem for world Untitled
[2018.08.14-20.23.00:469][  0]LogInit: XAudio2 using 'Speakers (Realtek High Definition Audio)' : 2 channels at 48 kHz using 32 bits per sample (channel mask 0x3)
[2018.08.14-20.23.00:498][  0]LogInit: FAudioDevice initialized.
[2018.08.14-20.23.00:498][  0]LogNetVersion: Set ProjectVersion to 1.0.0.0. Version Checksum will be recalculated on next use.
[2018.08.14-20.23.00:681][  0]LogDerivedDataCache: Saved boot cache 0.18s 71MB C:/Users/esahn/AppData/Local/UnrealEngine/4.20/DerivedDataCache/Boot.ddc.
[2018.08.14-20.23.00:692][  0]LogInit: Texture streaming: Enabled
[2018.08.14-20.23.00:708][  0]LogEngineSessionManager: EngineSessionManager initialized
[2018.08.14-20.23.00:869][  0]LogInit: Transaction tracking system initialized
[2018.08.14-20.23.00:890][  0]BlueprintLog: New page: Editor Load
[2018.08.14-20.23.00:960][  0]LocalizationService: Localization service is disabled
[2018.08.14-20.23.02:267][  0]LogFileCache: Scanning file cache for directory 'C:/Users/esahn/Documents/Unreal Projects/FPS/Content/' took 0.13s
[2018.08.14-20.23.02:267][  0]LogCook: Display: Max memory allowance for cook 16384mb min free memory 0mb
[2018.08.14-20.23.02:267][  0]LogCook: Display: Mobile HDR setting 1
[2018.08.14-20.23.02:385][  0]LogGameplayTags: Display: UGameplayTagsManager::DoneAddingNativeTags. DelegateIsBound: 0
[2018.08.14-20.23.02:385][  0]LogStats: UGameplayTagsManager::ConstructGameplayTagTree: ImportINI prefixes -  0.000 s
[2018.08.14-20.23.02:385][  0]LogStats: UGameplayTagsManager::ConstructGameplayTagTree: Construct from data asset -  0.000 s
[2018.08.14-20.23.02:385][  0]LogStats: UGameplayTagsManager::ConstructGameplayTagTree: ImportINI -  0.000 s
[2018.08.14-20.23.02:385][  0]LogStats: UGameplayTagsManager::ConstructGameplayTagTree: GameplayTagTreeChangedEvent.Broadcast -  0.000 s
[2018.08.14-20.23.02:512][  0]LogWindows: Warning: CreateProc failed: The system cannot find the file specified. (0x00000002)
[2018.08.14-20.23.02:512][  0]LogWindows: Warning: URL: C:/Program Files/Git/bin/git.exe version
[2018.08.14-20.23.02:512][  0]Cmd: MAP LOAD FILE="C:/Users/esahn/Documents/Unreal Projects/FPS/Content/ThirdPersonBP/Maps/ThirdPersonExampleMap.umap" TEMPLATE=0 SHOWPROGRESS=1 FEATURELEVEL=3
[2018.08.14-20.23.02:518][  0]LightingResults: New page: Lighting Build
[2018.08.14-20.23.02:520][  0]MapCheck: New page: Map Check
[2018.08.14-20.23.02:520][  0]LightingResults: New page: Lighting Build
[2018.08.14-20.23.19:108][  0]LogAIModule: Creating AISystem for world ThirdPersonExampleMap
[2018.08.14-20.23.20:366][  0]LogEditorServer: Finished looking for orphan Actors (0.000 secs)
[2018.08.14-20.23.20:525][  0]Cmd: MAP CHECKDEP NOCLEARLOG
[2018.08.14-20.23.20:624][  0]MapCheck: Map check complete: 0 Error(s), 0 Warning(s), took 98.871ms to complete.
[2018.08.14-20.23.20:624][  0]LogFileHelpers: Loading map 'ThirdPersonExampleMap' took 18.112
[2018.08.14-20.23.22:542][  0]LogSlate: Updating window title bar state: overlay mode, drag disabled, window buttons hidden, title bar hidden
[2018.08.14-20.23.22:700][  0]LogSlate: Updating window title bar state: overlay mode, drag disabled, window buttons hidden, title bar hidden
[2018.08.14-20.23.22:710][  0]LogSlate: Updating window title bar state: overlay mode, drag disabled, window buttons hidden, title bar hidden
[2018.08.14-20.23.22:720][  0]LogSlate: Updating window title bar state: overlay mode, drag disabled, window buttons hidden, title bar hidden
[2018.08.14-20.23.23:102][  0]LogCollectionManager: Loaded 0 collections in 0.001220 seconds
[2018.08.14-20.23.23:874][  0]LogFileCache: Scanning file cache for directory 'C:/Users/esahn/Documents/Unreal Projects/FPS/Saved/Collections/' took 0.01s
[2018.08.14-20.23.23:874][  0]LogFileCache: Scanning file cache for directory 'C:/Users/esahn/Documents/Unreal Projects/FPS/Content/Developers/esahn/Collections/' took 0.01s
[2018.08.14-20.23.23:874][  0]LogFileCache: Scanning file cache for directory 'C:/Users/esahn/Documents/Unreal Projects/FPS/Content/Collections/' took 0.01s
[2018.08.14-20.23.23:874][  0]LogCollectionManager: Rebuilt the GUID cache for 0 collections in 0.000000 seconds
[2018.08.14-20.23.23:955][  0]LogContentBrowser: Native class hierarchy populated in 0.0313 seconds. Added 2572 classes and 603 folders.
[2018.08.14-20.23.24:506][  0]LogContentBrowser: Native class hierarchy updated for 'WidgetCarousel' in 0.0003 seconds. Added 0 classes and 0 folders.
[2018.08.14-20.23.27:621][  0]LogContentBrowser: Native class hierarchy updated for 'AddContentDialog' in 0.0003 seconds. Added 0 classes and 0 folders.
[2018.08.14-20.23.27:744][  0]LogContentBrowser: Native class hierarchy updated for 'SceneOutliner' in 0.0003 seconds. Added 1 classes and 2 folders.
[2018.08.14-20.23.32:096][  0]LogSlate: Took 0.000486 seconds to synchronously load lazily loaded font '../../../Engine/Content/Slate/Fonts/Roboto-Regular.ttf' (155K)
[2018.08.14-20.23.32:101][  0]LogSlate: Took 0.000324 seconds to synchronously load lazily loaded font '../../../Engine/Content/Slate/Fonts/Roboto-Bold.ttf' (160K)
[2018.08.14-20.23.32:274][  0]LogSlate: Took 0.024914 seconds to synchronously load lazily loaded font '../../../Engine/Content/Editor/Slate/Fonts/FontAwesome.ttf' (139K)
[2018.08.14-20.23.33:532][  0]LogRenderer: Reallocating scene render targets to support 1208x576 Format 10 NumSamples 1 (Frame:1).
[2018.08.14-20.23.36:382][  0]LogContentBrowser: Native class hierarchy updated for 'HierarchicalLODOutliner' in 0.0003 seconds. Added 0 classes and 0 folders.
[2018.08.14-20.23.36:382][  0]LogLoad: (Engine Initialization) Total time: 46.14 seconds
[2018.08.14-20.23.36:383][  0]LogLoad: (Engine Initialization) Total Blueprint compile time: 0.00 seconds
[2018.08.14-20.23.36:537][  0]LogContentStreaming: Texture pool size now 3000 MB
[2018.08.14-20.23.36:693][  0]LogSlate: Took 0.061461 seconds to synchronously load lazily loaded font '../../../Engine/Content/Slate/Fonts/Roboto-Light.ttf' (167K)
[2018.08.14-20.23.42:762][593]LogEditorViewport: Clicking on Actor (LMB): StaticMeshActor (Floor)
[2018.08.14-20.23.44:115][593]LogEditorViewport: Clicking on Actor (context menu): ThirdPersonCharacter_C (ThirdPersonCharacter)
[2018.08.14-20.23.45:467][593]LogSlate: FSceneViewport::OnFocusLost() reason 2
[2018.08.14-20.23.46:657][699]LogEditorViewport: Clicking on Actor (LMB): StaticMeshActor (Floor)
[2018.08.14-20.23.48:351][874]LogSlate: FSceneViewport::OnFocusLost() reason 0
[2018.08.14-20.23.48:707][917]LogTemp: Repeating last play command: Selected Viewport
[2018.08.14-20.23.48:901][917]LogBlueprintUserMessages: Early PlayInEditor Detection: Level '/Game/ThirdPersonBP/Maps/ThirdPersonExampleMap.ThirdPersonExampleMap:PersistentLevel' has LevelScriptBlueprint '/Game/ThirdPersonBP/Maps/ThirdPersonExampleMap.ThirdPersonExampleMap:PersistentLevel.ThirdPersonExampleMap' with GeneratedClass '/Game/ThirdPersonBP/Maps/ThirdPersonExampleMap.ThirdPersonExampleMap_C' with ClassGeneratedBy '/Game/ThirdPersonBP/Maps/ThirdPersonExampleMap.ThirdPersonExampleMap:PersistentLevel.ThirdPersonExampleMap'
[2018.08.14-20.23.48:945][917]LogPlayLevel: PlayLevel: No blueprints needed recompiling
[2018.08.14-20.23.49:003][917]LogModuleManager: Warning: ModuleManager: Unable to load module 'OnlineSubsystemSteam'  - 0 instances of that module name found.
[2018.08.14-20.23.49:367][917]PIE: New page: PIE session: ThirdPersonExampleMap (Aug 14, 2018, 12:23:49 PM)
[2018.08.14-20.23.49:385][917]LogPlayLevel: Creating play world package: /Game/ThirdPersonBP/Maps/UEDPIE_0_ThirdPersonExampleMap
[2018.08.14-20.23.49:602][917]LogPlayLevel: PIE: StaticDuplicateObject took: (0.216432s)
[2018.08.14-20.23.49:633][917]LogAIModule: Creating AISystem for world ThirdPersonExampleMap
[2018.08.14-20.23.49:634][917]LogPlayLevel: PIE: World Init took: (0.000847s)
[2018.08.14-20.23.49:665][917]LogPlayLevel: PIE: Created PIE world by copying editor world from /Game/ThirdPersonBP/Maps/ThirdPersonExampleMap.ThirdPersonExampleMap to /Game/ThirdPersonBP/Maps/UEDPIE_0_ThirdPersonExampleMap.ThirdPersonExampleMap (0.280084s)
[2018.08.14-20.23.49:853][917]LogInit: XAudio2 using 'Speakers (Realtek High Definition Audio)' : 2 channels at 48 kHz using 32 bits per sample (channel mask 0x3)
[2018.08.14-20.23.49:871][917]LogInit: FAudioDevice initialized.
[2018.08.14-20.23.50:109][917]LogLoad: Game class is 'ThirdPersonGameMode_C'
[2018.08.14-20.23.50:576][917]LogWorld: Bringing World /Game/ThirdPersonBP/Maps/UEDPIE_0_ThirdPersonExampleMap.ThirdPersonExampleMap up for play (max tick rate 0) at 2018.08.14-16.23.50
[2018.08.14-20.23.50:811][917]LogWorld: Bringing up level for play took: 0.311789
[2018.08.14-20.23.51:412][917]LogContentBrowser: Native class hierarchy updated for 'MovieSceneCapture' in 0.0004 seconds. Added 10 classes and 0 folders.
[2018.08.14-20.23.51:796][917]PIE: Play in editor start time for /Game/ThirdPersonBP/Maps/UEDPIE_0_ThirdPersonExampleMap 3.912
[2018.08.14-20.23.51:796][917]LogBlueprintUserMessages: Late PlayInEditor Detection: Level '/Game/ThirdPersonBP/Maps/ThirdPersonExampleMap.ThirdPersonExampleMap:PersistentLevel' has LevelScriptBlueprint '/Game/ThirdPersonBP/Maps/ThirdPersonExampleMap.ThirdPersonExampleMap:PersistentLevel.ThirdPersonExampleMap' with GeneratedClass '/Game/ThirdPersonBP/Maps/ThirdPersonExampleMap.ThirdPersonExampleMap_C' with ClassGeneratedBy '/Game/ThirdPersonBP/Maps/ThirdPersonExampleMap.ThirdPersonExampleMap:PersistentLevel.ThirdPersonExampleMap'
[2018.08.14-20.23.57:267][429]LogBlueprintUserMessages: Early EndPlayMap Detection: Level '/Game/ThirdPersonBP/Maps/ThirdPersonExampleMap.ThirdPersonExampleMap:PersistentLevel' has LevelScriptBlueprint '/Game/ThirdPersonBP/Maps/ThirdPersonExampleMap.ThirdPersonExampleMap:PersistentLevel.ThirdPersonExampleMap' with GeneratedClass '/Game/ThirdPersonBP/Maps/ThirdPersonExampleMap.ThirdPersonExampleMap_C' with ClassGeneratedBy '/Game/ThirdPersonBP/Maps/ThirdPersonExampleMap.ThirdPersonExampleMap:PersistentLevel.ThirdPersonExampleMap'
[2018.08.14-20.23.57:352][429]LogSlate: Updating window title bar state: overlay mode, drag disabled, window buttons hidden, title bar hidden
[2018.08.14-20.23.57:461][429]LogPlayLevel: Display: Shutting down PIE online subsystems
[2018.08.14-20.23.57:462][429]LogBlueprintUserMessages: Late EndPlayMap Detection: Level '/Game/ThirdPersonBP/Maps/ThirdPersonExampleMap.ThirdPersonExampleMap:PersistentLevel' has LevelScriptBlueprint '/Game/ThirdPersonBP/Maps/ThirdPersonExampleMap.ThirdPersonExampleMap:PersistentLevel.ThirdPersonExampleMap' with GeneratedClass '/Game/ThirdPersonBP/Maps/ThirdPersonExampleMap.ThirdPersonExampleMap_C' with ClassGeneratedBy '/Game/ThirdPersonBP/Maps/ThirdPersonExampleMap.ThirdPersonExampleMap:PersistentLevel.ThirdPersonExampleMap'
[2018.08.14-20.23.57:539][429]LogSlate: Updating window title bar state: overlay mode, drag disabled, window buttons hidden, title bar hidden
[2018.08.14-20.23.57:629][430]LogPlayLevel: Display: Destroying online subsystem :Context_1
[2018.08.14-20.24.06:190][448]LogAssetRegistry: Asset discovery search completed in 69.4907 seconds
[2018.08.14-20.24.06:193][448]LogCollectionManager: Rebuilt the object cache for 0 collections in 0.000000 seconds (found 0 objects)
[2018.08.14-20.24.06:193][448]LogCollectionManager: Fixed up redirectors for 0 collections in 0.000071 seconds (updated 0 objects)
[2018.08.14-20.24.34:894][903]LogSlate: FSceneViewport::OnFocusLost() reason 2
[2018.08.14-20.24.35:084][920]LogSlate: FSceneViewport::OnFocusLost() reason 2
[2018.08.14-20.24.35:530][969]LogSlate: FSceneViewport::OnFocusLost() reason 2
[2018.08.14-20.24.36:392][ 71]LogSlate: FSceneViewport::OnFocusLost() reason 2
[2018.08.14-20.24.38:217][289]LogSlate: FSceneViewport::OnFocusLost() reason 2
[2018.08.14-20.24.38:284][289]LogDirectoryWatcher: Warning: Failed to begin reading directory changes for C:/Users/esahn/Documents/Unreal Projects/FPS/Plugins/. Error: The system cannot find the file specified. (0x00000002)
[2018.08.14-20.24.49:291][834]LogSlate: FSceneViewport::OnFocusLost() reason 0
[2018.08.14-20.25.05:602][414]Cmd: CLOSE_SLATE_MAINFRAME
[2018.08.14-20.25.05:837][414]LogSlate: Window 'Plugins' being destroyed
[2018.08.14-20.25.05:840][414]LogDirectoryWatcher: A directory notification for '../../../Engine/Plugins/' was aborted.
[2018.08.14-20.25.05:842][414]LogSlate: Window 'FPS - Unreal Editor' being destroyed
[2018.08.14-20.25.05:842][414]LogWindowsTextInputMethodSystem: Display: IME system now deactivated.
[2018.08.14-20.25.06:171][415]Cmd: QUIT_EDITOR
[2018.08.14-20.25.06:987][415]LogExit: Preparing to exit.
[2018.08.14-20.25.07:601][415]LogExit: Editor shut down
[2018.08.14-20.25.07:601][415]LogExit: Transaction tracking system shut down
[2018.08.14-20.25.08:228][415]LogExit: Object subsystem successfully closed.
[2018.08.14-20.25.08:253][415]LogShaderCompilers: Display: Shaders left to compile 0
[2018.08.14-20.25.08:257][415]LogD3D11RHI: Shutdown
[2018.08.14-20.25.08:257][415]LogD3D11RHI: CleanupD3DDevice
[2018.08.14-20.25.08:294][415]LogD3D11RHI: ~FD3D11DynamicRHI
[2018.08.14-20.25.08:327][415]LogModuleManager: Shutting down and abandoning module MovieSceneCapture (615)
[2018.08.14-20.25.08:327][415]LogModuleManager: Shutting down and abandoning module Voice (613)
[2018.08.14-20.25.08:351][415]LogModuleManager: Shutting down and abandoning module HierarchicalLODOutliner (611)
[2018.08.14-20.25.08:351][415]LogModuleManager: Shutting down and abandoning module SceneOutliner (609)
[2018.08.14-20.25.08:351][415]LogModuleManager: Shutting down and abandoning module AddContentDialog (607)
[2018.08.14-20.25.08:352][415]LogModuleManager: Shutting down and abandoning module WidgetCarousel (606)
[2018.08.14-20.25.08:352][415]LogModuleManager: Shutting down and abandoning module EditorWidgets (603)
[2018.08.14-20.25.08:352][415]LogModuleManager: Shutting down and abandoning module CollectionManager (601)
[2018.08.14-20.25.08:352][415]LogModuleManager: Shutting down and abandoning module StatsViewer (599)
[2018.08.14-20.25.08:352][415]LogModuleManager: Shutting down and abandoning module FoliageEdit (597)
[2018.08.14-20.25.08:352][415]LogModuleManager: Shutting down and abandoning module LandscapeEditor (595)
[2018.08.14-20.25.08:352][415]LogModuleManager: Shutting down and abandoning module MeshPaintMode (593)
[2018.08.14-20.25.08:352][415]LogModuleManager: Shutting down and abandoning module SceneDepthPickerMode (591)
[2018.08.14-20.25.08:352][415]LogModuleManager: Shutting down and abandoning module ActorPickerMode (589)
[2018.08.14-20.25.08:352][415]LogModuleManager: Shutting down and abandoning module GeometryMode (587)
[2018.08.14-20.25.08:352][415]LogModuleManager: Shutting down and abandoning module TextureAlignMode (585)
[2018.08.14-20.25.08:352][415]LogModuleManager: Shutting down and abandoning module BspMode (583)
[2018.08.14-20.25.08:352][415]LogModuleManager: Shutting down and abandoning module PIEPreviewDeviceProfileSelector (581)
[2018.08.14-20.25.08:352][415]LogModuleManager: Shutting down and abandoning module SequenceRecorderSections (579)
[2018.08.14-20.25.08:352][415]LogModuleManager: Shutting down and abandoning module AutomationWorker (577)
[2018.08.14-20.25.08:352][415]LogModuleManager: Shutting down and abandoning module AudioCaptureEditor (575)
[2018.08.14-20.25.08:352][415]LogModuleManager: Shutting down and abandoning module SequenceRecorder (574)
[2018.08.14-20.25.08:352][415]LogModuleManager: Shutting down and abandoning module MatineeToLevelSequence (571)
[2018.08.14-20.25.08:352][415]LogModuleManager: Shutting down and abandoning module LevelSequenceEditor (569)
[2018.08.14-20.25.08:353][415]LogModuleManager: Shutting down and abandoning module PlacementMode (568)
[2018.08.14-20.25.08:353][415]LogModuleManager: Shutting down and abandoning module MaterialEditor (567)
[2018.08.14-20.25.08:353][415]LogModuleManager: Shutting down and abandoning module WmfMediaFactory (563)
[2018.08.14-20.25.08:353][415]LogModuleManager: Shutting down and abandoning module WmfMediaEditor (561)
[2018.08.14-20.25.08:353][415]LogModuleManager: Shutting down and abandoning module MediaPlayerEditor (559)
[2018.08.14-20.25.08:353][415]LogModuleManager: Shutting down and abandoning module OpenExrWrapper (557)
[2018.08.14-20.25.08:353][415]LogModuleManager: Shutting down and abandoning module ImgMediaFactory (555)
[2018.08.14-20.25.08:353][415]LogModuleManager: Shutting down and abandoning module ImgMediaEditor (553)
[2018.08.14-20.25.08:353][415]LogModuleManager: Shutting down and abandoning module AvfMediaFactory (551)
[2018.08.14-20.25.08:353][415]LogModuleManager: Shutting down and abandoning module AvfMediaEditor (549)
[2018.08.14-20.25.08:353][415]LogModuleManager: Shutting down and abandoning module AndroidMediaFactory (547)
[2018.08.14-20.25.08:353][415]LogModuleManager: Shutting down and abandoning module AndroidMediaEditor (545)
[2018.08.14-20.25.08:353][415]LogModuleManager: Shutting down and abandoning module MagicLeapCameraPreviewFactory (543)
[2018.08.14-20.25.08:353][415]LogModuleManager: Shutting down and abandoning module MagicLeapMediaFactory (541)
[2018.08.14-20.25.08:353][415]LogModuleManager: Shutting down and abandoning module MagicLeapMediaEditor (539)
[2018.08.14-20.25.08:353][415]LogModuleManager: Shutting down and abandoning module CharacterAI (537)
[2018.08.14-20.25.08:353][415]LogModuleManager: Shutting down and abandoning module SmartSnapping (535)
[2018.08.14-20.25.08:353][415]LogModuleManager: Shutting down and abandoning module SessionServices (533)
[2018.08.14-20.25.08:353][415]LogModuleManager: Shutting down and abandoning module ViewportSnapping (531)
[2018.08.14-20.25.08:353][415]LogModuleManager: Shutting down and abandoning module ViewportInteraction (529)
[2018.08.14-20.25.08:353][415]LogModuleManager: Shutting down and abandoning module ClothPainter (527)
[2018.08.14-20.25.08:353][415]LogModuleManager: Shutting down and abandoning module SkeletalMeshEditor (526)
[2018.08.14-20.25.08:353][415]LogModuleManager: Shutting down and abandoning module LogVisualizer (523)
[2018.08.14-20.25.08:353][415]LogModuleManager: Shutting down and abandoning module IntroTutorials (521)
[2018.08.14-20.25.08:353][415]LogModuleManager: Shutting down and abandoning module GameProjectGeneration (520)
[2018.08.14-20.25.08:353][415]LogModuleManager: Shutting down and abandoning module LuminPlatformEditor (517)
[2018.08.14-20.25.08:353][415]LogModuleManager: Shutting down and abandoning module IOSPlatformEditor (515)
[2018.08.14-20.25.08:353][415]LogModuleManager: Shutting down and abandoning module HTML5PlatformEditor (513)
[2018.08.14-20.25.08:353][415]LogModuleManager: Shutting down and abandoning module AndroidPlatformEditor (511)
[2018.08.14-20.25.08:353][415]LogModuleManager: Shutting down and abandoning module AndroidDeviceDetection (510)
[2018.08.14-20.25.09:066][415]LogModuleManager: Shutting down and abandoning module WindowsPlatformEditor (507)
[2018.08.14-20.25.09:066][415]LogModuleManager: Shutting down and abandoning module LuminRuntimeSettings (505)
[2018.08.14-20.25.09:066][415]LogModuleManager: Shutting down and abandoning module IOSRuntimeSettings (503)
[2018.08.14-20.25.09:066][415]LogModuleManager: Shutting down and abandoning module AndroidRuntimeSettings (501)
[2018.08.14-20.25.09:066][415]LogModuleManager: Shutting down and abandoning module InputBindingEditor (499)
[2018.08.14-20.25.09:066][415]LogModuleManager: Shutting down and abandoning module MergeActors (497)
[2018.08.14-20.25.09:067][415]LogModuleManager: Shutting down and abandoning module LocalizationDashboard (495)
[2018.08.14-20.25.09:067][415]LogModuleManager: Shutting down and abandoning module LocalizationService (494)
[2018.08.14-20.25.09:067][415]LogModuleManager: Shutting down and abandoning module HardwareTargeting (491)
[2018.08.14-20.25.09:067][415]LogModuleManager: Shutting down and abandoning module DeviceProfileEditor (489)
[2018.08.14-20.25.09:067][415]LogModuleManager: Shutting down and abandoning module UndoHistory (487)
[2018.08.14-20.25.09:067][415]LogModuleManager: Shutting down and abandoning module XmlParser (485)
[2018.08.14-20.25.09:067][415]LogModuleManager: Shutting down and abandoning module Blutility (483)
[2018.08.14-20.25.09:067][415]LogModuleManager: Shutting down and abandoning module ProjectSettingsViewer (481)
[2018.08.14-20.25.09:067][415]LogModuleManager: Shutting down and abandoning module ProjectTargetPlatformEditor (480)
[2018.08.14-20.25.09:067][415]LogModuleManager: Shutting down and abandoning module EditorSettingsViewer (477)
[2018.08.14-20.25.09:067][415]LogModuleManager: Shutting down and abandoning module SettingsEditor (475)
[2018.08.14-20.25.09:067][415]LogModuleManager: Shutting down and abandoning module ProjectLauncher (473)
[2018.08.14-20.25.09:067][415]LogModuleManager: Shutting down and abandoning module SessionFrontend (471)
[2018.08.14-20.25.09:067][415]LogModuleManager: Shutting down and abandoning module ProfilerClient (469)
[2018.08.14-20.25.09:067][415]LogModuleManager: Shutting down and abandoning module DeviceManager (467)
[2018.08.14-20.25.09:067][415]LogModuleManager: Shutting down and abandoning module TargetDeviceServices (466)
[2018.08.14-20.25.09:122][415]LogModuleManager: Shutting down and abandoning module AutomationController (463)
[2018.08.14-20.25.09:122][415]LogModuleManager: Shutting down and abandoning module AutomationWindow (461)
[2018.08.14-20.25.09:122][415]LogModuleManager: Shutting down and abandoning module Layers (459)
[2018.08.14-20.25.09:122][415]LogModuleManager: Shutting down and abandoning module ComponentVisualizers (457)
[2018.08.14-20.25.09:122][415]LogModuleManager: Shutting down and abandoning module DetailCustomizations (455)
[2018.08.14-20.25.09:122][415]LogModuleManager: Shutting down and abandoning module PackagesDialog (453)
[2018.08.14-20.25.09:122][415]LogModuleManager: Shutting down and abandoning module Persona (451)
[2018.08.14-20.25.09:122][415]LogModuleManager: Shutting down and abandoning module AdvancedPreviewScene (450)
[2018.08.14-20.25.09:122][415]LogModuleManager: Shutting down and abandoning module AnimGraph (448)
[2018.08.14-20.25.09:122][415]LogModuleManager: Shutting down and abandoning module Kismet (445)
[2018.08.14-20.25.09:122][415]LogModuleManager: Shutting down and abandoning module GraphEditor (443)
[2018.08.14-20.25.09:122][415]LogModuleManager: Shutting down and abandoning module ClassViewer (441)
[2018.08.14-20.25.09:122][415]LogModuleManager: Shutting down and abandoning module Toolbox (439)
[2018.08.14-20.25.09:122][415]LogModuleManager: Shutting down and abandoning module ModuleUI (437)
[2018.08.14-20.25.09:123][415]LogModuleManager: Shutting down and abandoning module MovieSceneTools (435)
[2018.08.14-20.25.09:123][415]LogModuleManager: Shutting down and abandoning module OutputLog (433)
[2018.08.14-20.25.09:123][415]LogModuleManager: Shutting down and abandoning module GammaUI (431)
[2018.08.14-20.25.09:123][415]LogModuleManager: Shutting down and abandoning module Documentation (429)
[2018.08.14-20.25.09:123][415]LogModuleManager: Shutting down and abandoning module MovieSceneTracks (427)
[2018.08.14-20.25.09:123][415]LogModuleManager: Shutting down and abandoning module MovieScene (425)
[2018.08.14-20.25.09:123][415]LogModuleManager: Shutting down and abandoning module StreamingPauseRendering (423)
[2018.08.14-20.25.09:123][415]LogModuleManager: Shutting down and abandoning module LauncherPlatform (421)
[2018.08.14-20.25.09:123][415]LogModuleManager: Shutting down and abandoning module AnalyticsET (419)
[2018.08.14-20.25.09:123][415]LogModuleManager: Shutting down and abandoning module PortalServices (417)
[2018.08.14-20.25.09:123][415]LogModuleManager: Shutting down and abandoning module PortalRpc (415)
[2018.08.14-20.25.09:123][415]LogModuleManager: Shutting down and abandoning module MessagingRpc (413)
[2018.08.14-20.25.09:123][415]LogModuleManager: Shutting down and abandoning module AIModule (411)
[2018.08.14-20.25.09:123][415]LogModuleManager: Shutting down and abandoning module GameplayDebugger (410)
[2018.08.14-20.25.09:123][415]LogModuleManager: Shutting down and abandoning module AITestSuite (408)
[2018.08.14-20.25.09:123][415]LogModuleManager: Shutting down and abandoning module NavigationSystem (406)
[2018.08.14-20.25.09:123][415]LogModuleManager: Shutting down and abandoning module DesktopPlatform (403)
[2018.08.14-20.25.09:123][415]LogModuleManager: Shutting down and abandoning module ProfilerService (401)
[2018.08.14-20.25.09:271][415]LogModuleManager: Shutting down and abandoning module TaskGraph (399)
[2018.08.14-20.25.09:271][415]LogModuleManager: Shutting down and abandoning module SteamVRController (397)
[2018.08.14-20.25.09:271][415]LogModuleManager: Shutting down and abandoning module ProceduralMeshComponentEditor (395)
[2018.08.14-20.25.09:271][415]LogModuleManager: Shutting down and abandoning module ProceduralMeshComponent (393)
[2018.08.14-20.25.09:271][415]LogModuleManager: Shutting down and abandoning module OculusInput (391)
[2018.08.14-20.25.09:271][415]LogModuleManager: Shutting down and abandoning module MobilePatchingUtils (389)
[2018.08.14-20.25.09:272][415]LogModuleManager: Shutting down and abandoning module EditableMesh (387)
[2018.08.14-20.25.09:272][415]LogModuleManager: Shutting down and abandoning module CustomMeshComponent (385)
[2018.08.14-20.25.09:272][415]LogModuleManager: Shutting down and abandoning module CableComponent (383)
[2018.08.14-20.25.09:272][415]LogModuleManager: Shutting down and abandoning module AudioCapture (381)
[2018.08.14-20.25.09:272][415]LogModuleManager: Shutting down and abandoning module ArchVisCharacter (379)
[2018.08.14-20.25.09:272][415]LogModuleManager: Shutting down and abandoning module AndroidPermission (377)
[2018.08.14-20.25.09:272][415]LogModuleManager: Shutting down and abandoning module NUTUnrealEngine4 (375)
[2018.08.14-20.25.09:272][415]LogModuleManager: Shutting down and abandoning module NetcodeUnitTest (373)
[2018.08.14-20.25.09:272][415]LogModuleManager: Shutting down and abandoning module MediaCompositingEditor (371)
[2018.08.14-20.25.09:272][415]LogModuleManager: Shutting down and abandoning module MediaCompositing (369)
[2018.08.14-20.25.09:272][415]LogModuleManager: Shutting down and abandoning module LinearTimecode (367)
[2018.08.14-20.25.09:272][415]LogModuleManager: Shutting down and abandoning module ImgMedia (365)
[2018.08.14-20.25.09:276][415]LogModuleManager: Shutting down and abandoning module HTML5Networking (363)
[2018.08.14-20.25.09:276][415]LogModuleManager: Shutting down and abandoning module GeometryCacheTracks (361)
[2018.08.14-20.25.09:276][415]LogModuleManager: Shutting down and abandoning module GeometryCacheSequencer (359)
[2018.08.14-20.25.09:276][415]LogModuleManager: Shutting down and abandoning module BackChannel (357)
[2018.08.14-20.25.09:276][415]LogModuleManager: Shutting down and abandoning module AppleVision (355)
[2018.08.14-20.25.09:276][415]LogModuleManager: Shutting down and abandoning module AppleImageUtils (353)
[2018.08.14-20.25.09:276][415]LogModuleManager: Shutting down and abandoning module AlembicImporter (351)
[2018.08.14-20.25.09:276][415]LogModuleManager: Shutting down and abandoning module AlembicLibrary (350)
[2018.08.14-20.25.09:276][415]LogModuleManager: Shutting down and abandoning module GeometryCache (349)
[2018.08.14-20.25.09:276][415]LogModuleManager: Shutting down and abandoning module GeometryCacheEd (348)
[2018.08.14-20.25.09:276][415]LogModuleManager: Shutting down and abandoning module DatasmithContentEditor (343)
[2018.08.14-20.25.09:276][415]LogModuleManager: Shutting down and abandoning module DatasmithContent (341)
[2018.08.14-20.25.09:276][415]LogModuleManager: Shutting down and abandoning module SpeedTreeImporter (339)
[2018.08.14-20.25.09:276][415]LogModuleManager: Shutting down and abandoning module PluginBrowser (337)
[2018.08.14-20.25.09:276][415]LogModuleManager: Shutting down and abandoning module MobileLauncherProfileWizard (335)
[2018.08.14-20.25.09:276][415]LogModuleManager: Shutting down and abandoning module PolygonModeling (333)
[2018.08.14-20.25.09:276][415]LogModuleManager: Shutting down and abandoning module MeshEditor (331)
[2018.08.14-20.25.09:276][415]LogModuleManager: Shutting down and abandoning module CryptoKeysOpenSSL (329)
[2018.08.14-20.25.09:276][415]LogModuleManager: Shutting down and abandoning module CryptoKeys (327)
[2018.08.14-20.25.09:276][415]LogModuleManager: Shutting down and abandoning module VisualStudioSourceCodeAccess (325)
[2018.08.14-20.25.09:277][415]LogModuleManager: Shutting down and abandoning module VisualStudioCodeSourceCodeAccess (323)
[2018.08.14-20.25.09:277][415]LogModuleManager: Shutting down and abandoning module UObjectPlugin (321)
[2018.08.14-20.25.09:277][415]LogModuleManager: Shutting down and abandoning module SubversionSourceControl (319)
[2018.08.14-20.25.09:277][415]LogModuleManager: Shutting down and abandoning module PerforceSourceControl (317)
[2018.08.14-20.25.09:277][415]LogModuleManager: Shutting down and abandoning module GitSourceControl (315)
[2018.08.14-20.25.09:464][415]LogModuleManager: Shutting down and abandoning module SourceControl (314)
[2018.08.14-20.25.09:464][415]LogModuleManager: Shutting down and abandoning module CLionSourceCodeAccess (311)
[2018.08.14-20.25.09:464][415]LogModuleManager: Shutting down and abandoning module LightPropagationVolumeEditor (309)
[2018.08.14-20.25.09:464][415]LogModuleManager: Shutting down and abandoning module PaperTiledImporter (307)
[2018.08.14-20.25.09:464][415]LogModuleManager: Shutting down and abandoning module PaperSpriteSheetImporter (305)
[2018.08.14-20.25.09:464][415]LogModuleManager: Shutting down and abandoning module Paper2DEditor (303)
[2018.08.14-20.25.09:464][415]LogModuleManager: Shutting down and abandoning module MeshPaint (302)
[2018.08.14-20.25.09:464][415]LogModuleManager: Shutting down and abandoning module RuntimePhysXCooking (299)
[2018.08.14-20.25.09:464][415]LogModuleManager: Shutting down and abandoning module PhysXVehiclesEditor (297)
[2018.08.14-20.25.09:464][415]LogModuleManager: Shutting down and abandoning module PhysXVehicles (295)
[2018.08.14-20.25.09:464][415]LogModuleManager: Shutting down and abandoning module OculusEditor (293)
[2018.08.14-20.25.09:464][415]LogModuleManager: Shutting down and abandoning module LocationServicesBPLibrary (291)
[2018.08.14-20.25.09:464][415]LogModuleManager: Shutting down and abandoning module ImmediatePhysicsEditor (289)
[2018.08.14-20.25.09:464][415]LogModuleManager: Shutting down and abandoning module ImmediatePhysics (287)
[2018.08.14-20.25.09:464][415]LogModuleManager: Shutting down and abandoning module ActorSequence (285)
[2018.08.14-20.25.09:464][415]LogModuleManager: Shutting down and abandoning module UdpMessaging (283)
[2018.08.14-20.25.09:565][415]LogModuleManager: Shutting down and abandoning module TcpMessaging (281)
[2018.08.14-20.25.09:666][415]LogModuleManager: Shutting down and abandoning module MagicLeapAudio (279)
[2018.08.14-20.25.09:666][415]LogModuleManager: Shutting down and abandoning module GameplayTagsEditor (277)
[2018.08.14-20.25.09:666][415]LogModuleManager: Shutting down and abandoning module FacialAnimationEditor (275)
[2018.08.14-20.25.09:666][415]LogModuleManager: Shutting down and abandoning module FacialAnimation (273)
[2018.08.14-20.25.09:666][415]LogModuleManager: Shutting down and abandoning module DataValidation (271)
[2018.08.14-20.25.09:666][415]LogModuleManager: Shutting down and abandoning module AssetManagerEditor (269)
[2018.08.14-20.25.09:666][415]LogModuleManager: Shutting down and abandoning module LevelEditor (268)
[2018.08.14-20.25.09:667][415]LogModuleManager: Shutting down and abandoning module PixelInspectorModule (267)
[2018.08.14-20.25.09:667][415]LogModuleManager: Shutting down and abandoning module CommonMenuExtensions (265)
[2018.08.14-20.25.09:667][415]LogModuleManager: Shutting down and abandoning module MainFrame (263)
[2018.08.14-20.25.09:667][415]LogModuleManager: Shutting down and abandoning module HotReload (262)
[2018.08.14-20.25.09:675][415]LogModuleManager: Shutting down and abandoning module ContentBrowser (258)
[2018.08.14-20.25.09:677][415]LogModuleManager: Shutting down and abandoning module TreeMap (256)
[2018.08.14-20.25.09:677][415]LogModuleManager: Shutting down and abandoning module LightPropagationVolumeRuntime (253)
[2018.08.14-20.25.09:677][415]LogModuleManager: Shutting down and abandoning module AISupportModule (251)
[2018.08.14-20.25.09:677][415]LogModuleManager: Shutting down and abandoning module Paper2D (249)
[2018.08.14-20.25.09:677][415]LogModuleManager: Shutting down and abandoning module WindowsMoviePlayer (247)
[2018.08.14-20.25.09:677][415]LogModuleManager: Shutting down and abandoning module WmfMedia (245)
[2018.08.14-20.25.09:679][415]LogModuleManager: Shutting down and abandoning module Media (244)
[2018.08.14-20.25.09:685][415]LogModuleManager: Shutting down and abandoning module PacketHandler (241)
[2018.08.14-20.25.09:685][415]LogModuleManager: Shutting down and abandoning module ClothingSystemEditor (239)
[2018.08.14-20.25.09:685][415]LogModuleManager: Shutting down and abandoning module ClothingSystemRuntime (237)
[2018.08.14-20.25.09:685][415]LogModuleManager: Shutting down and abandoning module MediaAssets (235)
[2018.08.14-20.25.09:686][415]LogModuleManager: Shutting down and abandoning module Overlay (233)
[2018.08.14-20.25.09:686][415]LogModuleManager: Shutting down and abandoning module OverlayEditor (232)
[2018.08.14-20.25.09:686][415]LogModuleManager: Shutting down and abandoning module VREditor (229)
[2018.08.14-20.25.09:686][415]LogModuleManager: Shutting down and abandoning module StringTableEditor (227)
[2018.08.14-20.25.09:686][415]LogModuleManager: Shutting down and abandoning module GameplayTasksEditor (225)
[2018.08.14-20.25.09:686][415]LogModuleManager: Shutting down and abandoning module BehaviorTreeEditor (223)
[2018.08.14-20.25.09:686][415]LogModuleManager: Shutting down and abandoning module FunctionalTesting (221)
[2018.08.14-20.25.09:686][415]LogModuleManager: Shutting down and abandoning module CollisionAnalyzer (219)
[2018.08.14-20.25.09:686][415]LogModuleManager: Shutting down and abandoning module WorkspaceMenuStructure (218)
[2018.08.14-20.25.09:686][415]LogModuleManager: Shutting down and abandoning module UMG (215)
[2018.08.14-20.25.09:686][415]LogModuleManager: Shutting down and abandoning module UMGEditor (214)
[2018.08.14-20.25.09:686][415]LogModuleManager: Shutting down and abandoning module Sequencer (213)
[2018.08.14-20.25.09:686][415]LogModuleManager: Shutting down and abandoning module MessageLog (210)
[2018.08.14-20.25.09:686][415]LogModuleManager: Shutting down and abandoning module SlateReflector (205)
[2018.08.14-20.25.09:686][415]LogModuleManager: Shutting down and abandoning module Slate (203)
[2018.08.14-20.25.09:686][415]LogModuleManager: Shutting down and abandoning module EditorStyle (201)
[2018.08.14-20.25.09:688][415]LogModuleManager: Shutting down and abandoning module MRMesh (199)
[2018.08.14-20.25.09:688][415]LogModuleManager: Shutting down and abandoning module SourceCodeAccess (197)
[2018.08.14-20.25.09:688][415]LogModuleManager: Shutting down and abandoning module HeadMountedDisplay (195)
[2018.08.14-20.25.09:688][415]LogModuleManager: Shutting down and abandoning module XAudio2 (193)
[2018.08.14-20.25.09:688][415]LogModuleManager: Shutting down and abandoning module Networking (191)
[2018.08.14-20.25.09:688][415]LogModuleManager: Shutting down and abandoning module Core (189)
[2018.08.14-20.25.09:688][415]LogModuleManager: Shutting down and abandoning module LevelSequence (187)
[2018.08.14-20.25.09:688][415]LogModuleManager: Shutting down and abandoning module KismetCompiler (185)
[2018.08.14-20.25.09:688][415]LogModuleManager: Shutting down and abandoning module MeshUtilities (183)
[2018.08.14-20.25.09:688][415]LogModuleManager: Shutting down and abandoning module MeshMergeUtilities (182)
[2018.08.14-20.25.09:688][415]LogModuleManager: Shutting down and abandoning module MeshReductionInterface (181)
[2018.08.14-20.25.09:688][415]LogModuleManager: Shutting down and abandoning module SimplygonSwarm (180)
[2018.08.14-20.25.09:688][415]LogModuleManager: Shutting down and abandoning module ProxyLODMeshReduction (178)
[2018.08.14-20.25.09:688][415]LogModuleManager: Shutting down and abandoning module SimplygonMeshReduction (176)
[2018.08.14-20.25.09:688][415]LogModuleManager: Shutting down and abandoning module QuadricMeshReduction (174)
[2018.08.14-20.25.09:688][415]LogModuleManager: Shutting down and abandoning module MaterialBaking (170)
[2018.08.14-20.25.09:688][415]LogModuleManager: Shutting down and abandoning module DirectoryWatcher (166)
[2018.08.14-20.25.09:689][415]LogModuleManager: Shutting down and abandoning module DerivedDataCache (163)
[2018.08.14-20.25.09:761][415]LogDerivedDataCache: Shutdown
[2018.08.14-20.25.09:761][415]LogModuleManager: Shutting down and abandoning module XGEController (161)
[2018.08.14-20.25.09:761][415]LogModuleManager: Shutting down and abandoning module TargetPlatform (159)
[2018.08.14-20.25.09:761][415]LogModuleManager: Shutting down and abandoning module VulkanShaderFormat (158)
[2018.08.14-20.25.09:761][415]LogModuleManager: Shutting down and abandoning module ShaderFormatVectorVM (156)
[2018.08.14-20.25.09:761][415]LogModuleManager: Shutting down and abandoning module ShaderFormatOpenGL (154)
[2018.08.14-20.25.09:761][415]LogModuleManager: Shutting down and abandoning module ShaderFormatD3D (152)
[2018.08.14-20.25.09:762][415]LogModuleManager: Shutting down and abandoning module MetalShaderFormat (150)
[2018.08.14-20.25.09:762][415]LogModuleManager: Shutting down and abandoning module TextureFormatUncompressed (148)
[2018.08.14-20.25.09:762][415]LogModuleManager: Shutting down and abandoning module TextureFormatPVR (146)
[2018.08.14-20.25.09:762][415]LogModuleManager: Shutting down and abandoning module TextureFormatDXT (144)
[2018.08.14-20.25.09:762][415]LogModuleManager: Shutting down and abandoning module TextureFormatIntelISPCTexComp (142)
[2018.08.14-20.25.09:762][415]LogModuleManager: Shutting down and abandoning module TextureFormatASTC (140)
[2018.08.14-20.25.09:762][415]LogModuleManager: Shutting down and abandoning module ImageWrapper (139)
[2018.08.14-20.25.09:762][415]LogModuleManager: Shutting down and abandoning module TextureFormatAndroid (136)
[2018.08.14-20.25.09:762][415]LogModuleManager: Shutting down and abandoning module AudioFormatOpus (134)
[2018.08.14-20.25.09:762][415]LogModuleManager: Shutting down and abandoning module AudioFormatOgg (132)
[2018.08.14-20.25.09:762][415]LogModuleManager: Shutting down and abandoning module AudioFormatADPCM (130)
[2018.08.14-20.25.09:762][415]LogModuleManager: Shutting down and abandoning module LuminTargetPlatform (128)
[2018.08.14-20.25.09:762][415]LogModuleManager: Shutting down and abandoning module LinuxTargetPlatform (126)
[2018.08.14-20.25.09:762][415]LogModuleManager: Shutting down and abandoning module LinuxServerTargetPlatform (124)
[2018.08.14-20.25.09:762][415]LogModuleManager: Shutting down and abandoning module LinuxNoEditorTargetPlatform (122)
[2018.08.14-20.25.09:762][415]LogModuleManager: Shutting down and abandoning module LinuxClientTargetPlatform (120)
[2018.08.14-20.25.09:762][415]LogModuleManager: Shutting down and abandoning module TVOSTargetPlatform (118)
[2018.08.14-20.25.09:763][415]LogModuleManager: Shutting down and abandoning module Messaging (116)
[2018.08.14-20.25.09:763][415]LogModuleManager: Shutting down and abandoning module IOSTargetPlatform (114)
[2018.08.14-20.25.09:764][415]LogModuleManager: Shutting down and abandoning module HTML5TargetPlatform (112)
[2018.08.14-20.25.09:764][415]LogModuleManager: Shutting down and abandoning module AndroidTargetPlatform (110)
[2018.08.14-20.25.09:771][415]LogModuleManager: Shutting down and abandoning module WindowsTargetPlatform (108)
[2018.08.14-20.25.09:771][415]LogModuleManager: Shutting down and abandoning module WindowsServerTargetPlatform (106)
[2018.08.14-20.25.09:771][415]LogModuleManager: Shutting down and abandoning module WindowsNoEditorTargetPlatform (104)
[2018.08.14-20.25.09:771][415]LogModuleManager: Shutting down and abandoning module WindowsClientTargetPlatform (102)
[2018.08.14-20.25.09:771][415]LogModuleManager: Shutting down and abandoning module MacTargetPlatform (100)
[2018.08.14-20.25.09:771][415]LogModuleManager: Shutting down and abandoning module MacServerTargetPlatform (98)
[2018.08.14-20.25.09:771][415]LogModuleManager: Shutting down and abandoning module MacNoEditorTargetPlatform (96)
[2018.08.14-20.25.09:771][415]LogModuleManager: Shutting down and abandoning module MacClientTargetPlatform (94)
[2018.08.14-20.25.09:771][415]LogModuleManager: Shutting down and abandoning module AllDesktopTargetPlatform (92)
[2018.08.14-20.25.09:771][415]LogModuleManager: Shutting down and abandoning module InputCore (89)
[2018.08.14-20.25.09:771][415]LogModuleManager: Shutting down and abandoning module Settings (87)
[2018.08.14-20.25.09:771][415]LogModuleManager: Shutting down and abandoning module PhysXCooking (85)
[2018.08.14-20.25.09:771][415]LogModuleManager: Shutting down and abandoning module SteamVR (83)
[2018.08.14-20.25.09:771][415]LogModuleManager: Shutting down and abandoning module OculusHMD (81)
[2018.08.14-20.25.09:771][415]LogModuleManager: Shutting down and abandoning module ExampleDeviceProfileSelector (79)
[2018.08.14-20.25.09:771][415]LogModuleManager: Shutting down and abandoning module LauncherChunkInstaller (77)
[2018.08.14-20.25.09:772][415]LogModuleManager: Shutting down and abandoning module OnlineBlueprintSupport (75)
[2018.08.14-20.25.09:772][415]LogModuleManager: Shutting down and abandoning module OnlineSubsystem (71)
[2018.08.14-20.25.09:772][415]LogModuleManager: Shutting down and abandoning module XMPP (65)
[2018.08.14-20.25.09:772][415]LogModuleManager: Shutting down and abandoning module WebSockets (64)
[2018.08.14-20.25.09:793][415]LogModuleManager: Shutting down and abandoning module HTTP (61)
[2018.08.14-20.25.09:793][415]LogHttp: Display: Http module shutting down, but needs to wait on 1 outstanding Http requests:
[2018.08.14-20.25.09:793][415]LogHttp: Display: 	verb=[POST] url=[https://datarouter.ol.epicgames.com/datarouter/api/v1/public/data?SessionID=%7B6F2DDF93-43A0-F207-9B2F-D1AD7BBC2BBD%7D&AppID=UEEditor.Rocket.Release&AppVersion=4.20.1-4233996%2B%2B%2BUE4%2BRelease-4.20&UserID=307470a647309780adc51daad2d0fdfd%7Cd11b2e2e13f147279d2bd5a9ff3e29f0%7Cc7cd7e57-3e3f-47b9-824f-88e575cbcc5f&AppEnvironment=datacollector-binary&UploadType=eteventstream] status=Processing
[2018.08.14-20.25.09:810][415]LogModuleManager: Shutting down and abandoning module SSL (60)
[2018.08.14-20.25.09:811][415]LogModuleManager: Shutting down and abandoning module MagicLeapEmulator (56)
[2018.08.14-20.25.09:811][415]LogModuleManager: Shutting down and abandoning module MagicLeapPrivileges (54)
[2018.08.14-20.25.09:811][415]LogModuleManager: Shutting down and abandoning module MagicLeapIdentity (52)
[2018.08.14-20.25.09:811][415]LogModuleManager: Shutting down and abandoning module MagicLeapHelperVulkan (50)
[2018.08.14-20.25.09:811][415]LogModuleManager: Shutting down and abandoning module MagicLeapHelperOpenGL (48)
[2018.08.14-20.25.09:811][415]LogModuleManager: Shutting down and abandoning module MagicLeapSecureStorage (46)
[2018.08.14-20.25.09:811][415]LogModuleManager: Shutting down and abandoning module MagicLeapGestures (44)
[2018.08.14-20.25.09:811][415]LogModuleManager: Shutting down and abandoning module MagicLeapEyeTracker (42)
[2018.08.14-20.25.09:811][415]LogModuleManager: Shutting down and abandoning module MagicLeapController (40)
[2018.08.14-20.25.09:811][415]LogSlate: Slate User Destroyed.  User Index 0, Is Virtual User: 0
[2018.08.14-20.25.09:812][415]LogModuleManager: Shutting down and abandoning module MagicLeap (38)
[2018.08.14-20.25.09:812][415]LogModuleManager: Shutting down and abandoning module AnimationModifiers (36)
[2018.08.14-20.25.09:812][415]LogModuleManager: Shutting down and abandoning module PropertyEditor (35)
[2018.08.14-20.25.09:812][415]LogModuleManager: Shutting down and abandoning module AudioEditor (32)
[2018.08.14-20.25.09:812][415]LogModuleManager: Shutting down and abandoning module TextureCompressor (30)
[2018.08.14-20.25.09:812][415]LogModuleManager: Shutting down and abandoning module ShaderCore (28)
[2018.08.14-20.25.09:812][415]LogModuleManager: Shutting down and abandoning module Landscape (26)
[2018.08.14-20.25.09:812][415]LogModuleManager: Shutting down and abandoning module SlateRHIRenderer (24)
[2018.08.14-20.25.09:812][415]LogModuleManager: Shutting down and abandoning module OpenGLDrv (22)
[2018.08.14-20.25.09:812][415]LogModuleManager: Shutting down and abandoning module D3D11RHI (20)
[2018.08.14-20.25.09:812][415]LogModuleManager: Shutting down and abandoning module AnimGraphRuntime (18)
[2018.08.14-20.25.09:812][415]LogModuleManager: Shutting down and abandoning module Renderer (16)
[2018.08.14-20.25.09:812][415]LogModuleManager: Shutting down and abandoning module Engine (14)
[2018.08.14-20.25.09:812][415]LogModuleManager: Shutting down and abandoning module CoreUObject (12)
[2018.08.14-20.25.09:813][415]LogModuleManager: Shutting down and abandoning module NetworkFile (10)
[2018.08.14-20.25.09:813][415]LogModuleManager: Shutting down and abandoning module CookedIterativeFile (8)
[2018.08.14-20.25.09:813][415]LogModuleManager: Shutting down and abandoning module StreamingFile (6)
[2018.08.14-20.25.09:813][415]LogModuleManager: Shutting down and abandoning module SandboxFile (4)
[2018.08.14-20.25.09:813][415]LogModuleManager: Shutting down and abandoning module PakFile (2)
[2018.08.14-20.25.09:819][415]LogExit: Exiting.
[2018.08.14-20.25.09:841][415]Log file closed, 08/14/18 16:25:09
