Log file open, 08/14/18 16:17:45
LogWindows: Failed to load 'aqProf.dll' (GetLastError=126)
LogWindows: File 'aqProf.dll' does not exist
LogWindows: Failed to load 'VSPerf140.dll' (GetLastError=126)
LogWindows: File 'VSPerf140.dll' does not exist
LogWindows: Failed to load 'VtuneApi.dll' (GetLastError=126)
LogWindows: File 'VtuneApi.dll' does not exist
LogWindows: Failed to load 'VtuneApi32e.dll' (GetLastError=126)
LogWindows: File 'VtuneApi32e.dll' does not exist
LogInit: Display: Running engine for game: FPS
LogPlatformFile: Not using cached read wrapper
LogTaskGraph: Started task graph with 5 named threads and 14 total threads with 3 sets of task threads.
LogStats: Stats thread started at 0.189649
LogD3D11RHI: Loaded GFSDK_Aftermath_Lib.x64.dll
LogICUInternationalization: Display: ICU TimeZone Detection - Raw Offset: -7:00, Platform Override: ''
LogPluginManager: Mounting plugin Paper2D
LogPluginManager: Mounting plugin AISupport
LogPluginManager: Mounting plugin LightPropagationVolume
LogPluginManager: Mounting plugin CLionSourceCodeAccess
LogPluginManager: Mounting plugin CodeLiteSourceCodeAccess
LogPluginManager: Mounting plugin GitSourceControl
LogPluginManager: Mounting plugin KDevelopSourceCodeAccess
LogPluginManager: Mounting plugin NullSourceCodeAccess
LogPluginManager: Mounting plugin PerforceSourceControl
LogPluginManager: Mounting plugin SubversionSourceControl
LogPluginManager: Mounting plugin UObjectPlugin
LogPluginManager: Mounting plugin VisualStudioCodeSourceCodeAccess
LogPluginManager: Mounting plugin VisualStudioSourceCodeAccess
LogPluginManager: Mounting plugin XCodeSourceCodeAccess
LogPluginManager: Mounting plugin AssetManagerEditor
LogPluginManager: Mounting plugin CryptoKeys
LogPluginManager: Mounting plugin DataValidation
LogPluginManager: Mounting plugin FacialAnimation
LogPluginManager: Mounting plugin GameplayTagsEditor
LogPluginManager: Mounting plugin MacGraphicsSwitching
LogPluginManager: Mounting plugin MeshEditor
LogPluginManager: Mounting plugin MobileLauncherProfileWizard
LogPluginManager: Mounting plugin PluginBrowser
LogPluginManager: Mounting plugin SpeedTreeImporter
LogPluginManager: Mounting plugin DatasmithContent
LogPluginManager: Mounting plugin AlembicImporter
LogPluginManager: Mounting plugin AppleImageUtils
LogPluginManager: Mounting plugin AppleVision
LogPluginManager: Mounting plugin BackChannel
LogPluginManager: Mounting plugin CharacterAI
LogPluginManager: Mounting plugin GeometryCache
LogPluginManager: Mounting plugin HTML5Networking
LogPluginManager: Mounting plugin ProxyLODPlugin
LogPluginManager: Mounting plugin MagicLeap
LogPluginManager: Mounting plugin MagicLeapEmulator
LogPluginManager: Mounting plugin MagicLeapMedia
LogPluginManager: Mounting plugin AndroidMedia
LogPluginManager: Mounting plugin AvfMedia
LogPluginManager: Mounting plugin ImgMedia
LogPluginManager: Mounting plugin LinearTimecode
LogPluginManager: Mounting plugin MediaCompositing
LogPluginManager: Mounting plugin MediaPlayerEditor
LogPluginManager: Mounting plugin WmfMedia
LogPluginManager: Mounting plugin TcpMessaging
LogPluginManager: Mounting plugin UdpMessaging
LogPluginManager: Mounting plugin ActorSequence
LogPluginManager: Mounting plugin LevelSequenceEditor
LogPluginManager: Mounting plugin MatineeToLevelSequence
LogPluginManager: Mounting plugin NetcodeUnitTest
LogPluginManager: Mounting plugin NUTUnrealEngine4
LogPluginManager: Mounting plugin OnlineSubsystemGooglePlay
LogPluginManager: Mounting plugin OnlineSubsystemIOS
LogPluginManager: Mounting plugin OnlineSubsystem
LogPluginManager: Mounting plugin OnlineSubsystemNull
LogPluginManager: Mounting plugin OnlineSubsystemSteam
LogPluginManager: Mounting plugin OnlineSubsystemUtils
LogPluginManager: Mounting plugin LauncherChunkInstaller
LogPluginManager: Mounting plugin AndroidDeviceProfileSelector
LogPluginManager: Mounting plugin AndroidMoviePlayer
LogPluginManager: Mounting plugin AndroidPermission
LogPluginManager: Mounting plugin AppleMoviePlayer
LogPluginManager: Mounting plugin ArchVisCharacter
LogPluginManager: Mounting plugin AudioCapture
LogPluginManager: Mounting plugin CableComponent
LogPluginManager: Mounting plugin CustomMeshComponent
LogPluginManager: Mounting plugin EditableMesh
LogPluginManager: Mounting plugin ExampleDeviceProfileSelector
LogPluginManager: Mounting plugin GoogleCloudMessaging
LogPluginManager: Mounting plugin ImmediatePhysics
LogPluginManager: Mounting plugin IOSDeviceProfileSelector
LogPluginManager: Mounting plugin LinuxDeviceProfileSelector
LogPluginManager: Mounting plugin LocationServicesBPLibrary
LogPluginManager: Mounting plugin MobilePatchingUtils
LogPluginManager: Mounting plugin OculusVR
LogPluginManager: Plugin shader directory ../../../Engine/Plugins/Runtime/Oculus/OculusVR/Shaders found
LogPluginManager: Mapping shader source directory ../../../Engine/Plugins/Runtime/Oculus/OculusVR/Shaders to virtual directory /Plugin/OculusVR
LogPluginManager: Mounting plugin PhysXVehicles
LogPluginManager: Mounting plugin ProceduralMeshComponent
LogPluginManager: Mounting plugin RuntimePhysXCooking
LogPluginManager: Mounting plugin SteamVR
LogPluginManager: Mounting plugin WindowsMoviePlayer
LogStreaming: Display: Took  0.082s to configure plugins.
LogInit: Using libcurl 7.55.1-DEV
LogInit:  - built for x86_64-pc-win32
LogInit:  - supports SSL with OpenSSL/1.0.2h
LogInit:  - supports HTTP deflate (compression) using libz 1.2.8
LogInit:  - other features:
LogInit:      CURL_VERSION_SSL
LogInit:      CURL_VERSION_LIBZ
LogInit:      CURL_VERSION_IPV6
LogInit:      CURL_VERSION_ASYNCHDNS
LogInit:      CURL_VERSION_LARGEFILE
LogInit:      CURL_VERSION_IDN
LogInit:  CurlRequestOptions (configurable via config and command line):
LogInit:  - bVerifyPeer = false  - Libcurl will NOT verify peer certificate
LogInit:  - bUseHttpProxy = false  - Libcurl will NOT use HTTP proxy
LogInit:  - bDontReuseConnections = false  - Libcurl will reuse connections
LogInit:  - CertBundlePath = nullptr  - Libcurl will use whatever was configured at build time.
LogInit:  - MaxHostConnections = 16  - Libcurl will limit the number of connections to a host
LogInit:  - LocalHostAddr = Default
LogInit:  - BufferSize = 65536
LogOnline: Display: STEAM: Loading Steam SDK 1.39
LogOnline: Warning: STEAM: Steam API disabled!
LogOnline: Display: STEAM: OnlineSubsystemSteam::Shutdown()
LogInit: WinSock: version 1.1 (2.2), MaxSocks=32767, MaxUdp=65467
LogInit: Build: ++UE4+Release-4.20-CL-4233996
LogInit: Engine Version: 4.20.1-4233996+++UE4+Release-4.20
LogInit: Compatible Engine Version: 4.20.0-4212847+++UE4+Release-4.20
LogInit: Net CL: 4212847
LogInit: OS: Windows 10 (), CPU: Intel(R) Core(TM) i5-7500 CPU @ 3.40GHz, GPU: Intel(R) HD Graphics 630
LogInit: Compiled (64-bit): Jul 26 2018 10:07:30
LogInit: Compiled with Visual C++: 19.13.26129.00
LogInit: Build Configuration: Development
LogInit: Branch Name: ++UE4+Release-4.20
LogInit: Command Line:  
LogInit: Base Directory: C:/Program Files/Epic Games/UE_4.20/Engine/Binaries/Win64/
LogInit: Installed Engine Build: 1
LogDevObjectVersion: Number of dev versions registered: 20
LogDevObjectVersion:   Dev-Blueprints (B0D832E4-1F89-4F0D-ACCF-7EB736FD4AA2): 10
LogDevObjectVersion:   Dev-Build (E1C64328-A22C-4D53-A36C-8E866417BD8C): 0
LogDevObjectVersion:   Dev-Core (375EC13C-06E4-48FB-B500-84F0262A717E): 2
LogDevObjectVersion:   Dev-Editor (E4B068ED-F494-42E9-A231-DA0B2E46BB41): 24
LogDevObjectVersion:   Dev-Framework (CFFC743F-43B0-4480-9391-14DF171D2073): 34
LogDevObjectVersion:   Dev-Mobile (B02B49B5-BB20-44E9-A304-32B752E40360): 2
LogDevObjectVersion:   Dev-Networking (A4E4105C-59A1-49B5-A7C5-40C4547EDFEE): 0
LogDevObjectVersion:   Dev-Online (39C831C9-5AE6-47DC-9A44-9C173E1C8E7C): 0
LogDevObjectVersion:   Dev-Physics (78F01B33-EBEA-4F98-B9B4-84EACCB95AA2): 0
LogDevObjectVersion:   Dev-Platform (6631380F-2D4D-43E0-8009-CF276956A95A): 0
LogDevObjectVersion:   Dev-Rendering (12F88B9F-8875-4AFC-A67C-D90C383ABD29): 26
LogDevObjectVersion:   Dev-Sequencer (7B5AE74C-D270-4C10-A958-57980B212A5A): 9
LogDevObjectVersion:   Dev-VR (D7296918-1DD6-4BDD-9DE2-64A83CC13884): 2
LogDevObjectVersion:   Dev-LoadTimes (C2A15278-BFE7-4AFE-6C17-90FF531DF755): 1
LogDevObjectVersion:   Private-Geometry (6EACA3D4-40EC-4CC1-B786-8BED09428FC5): 3
LogDevObjectVersion:   Dev-AnimPhys (29E575DD-E0A3-4627-9D10-D276232CDCEA): 17
LogDevObjectVersion:   Dev-ReflectionCapture (6B266CEC-1EC7-4B8F-A30B-E4D90942FC07): 1
LogDevObjectVersion:   Dev-Automation (0DF73D61-A23F-47EA-B727-89E90C41499A): 1
LogDevObjectVersion:   FortniteMain (601D1886-AC64-4F84-AA16-D3DE0DEAC7D6): 12
LogDevObjectVersion:   Dev-Enterprise (9DFFBCD6-494F-0158-E221-12823C92A888): 1
LogStreaming: Display: Took  0.003s to delete old logs.
LogInit: Presizing for max 8388607 objects, including 0 objects not considered by GC, pre-allocating 0 bytes for permanent pool.
LogInit: Object subsystem initialized
[2018.08.14-22.17.45:599][  0]LogInit: Selected Device Profile: [Windows]
[2018.08.14-22.17.45:599][  0]LogInit: Applying CVar settings loaded from the selected device profile: [Windows]
[2018.08.14-22.17.45:611][  0]LogHAL: Display: Platform has ~ 16 GB [17041473536 / 17179869184 / 16], which maps to Larger [LargestMinGB=32, LargerMinGB=12, DefaultMinGB=8, SmallerMinGB=6, SmallestMinGB=0)
[2018.08.14-22.17.45:611][  0]LogInit: Setting Device Profile CVar: [[r.Vulkan.UseRealUBs:1]]
[2018.08.14-22.17.45:611][  0]LogInit: Going up to parent DeviceProfile []
[2018.08.14-22.17.45:611][  0]LogInit: Computer: DESKTOP-42GN5P7
[2018.08.14-22.17.45:611][  0]LogInit: User: Zain
[2018.08.14-22.17.45:611][  0]LogInit: CPU Page size=4096, Cores=4
[2018.08.14-22.17.45:611][  0]LogInit: High frequency timer resolution =3.328126 MHz
[2018.08.14-22.17.45:612][  0]LogMemory: Memory total: Physical=15.9GB (16GB approx)
[2018.08.14-22.17.45:612][  0]LogMemory: Platform Memory Stats for Windows
[2018.08.14-22.17.45:612][  0]LogMemory: Process Physical Memory: 100.47 MB used, 100.47 MB peak
[2018.08.14-22.17.45:612][  0]LogMemory: Process Virtual Memory: 84.29 MB used, 84.29 MB peak
[2018.08.14-22.17.45:612][  0]LogMemory: Physical Memory: 8461.26 MB used,  7790.76 MB free, 16252.02 MB total
[2018.08.14-22.17.45:612][  0]LogMemory: Virtual Memory: 4620.40 MB used,  7790.76 MB free, 134217728.00 MB total
[2018.08.14-22.17.45:623][  0]LogInit: Using OS detected language (en-US).
[2018.08.14-22.17.45:623][  0]LogInit: Using OS detected locale (en-CA).
[2018.08.14-22.17.45:624][  0]LogTextLocalizationManager: No specific localization for 'en-US' exists, so the 'en' localization will be used.
[2018.08.14-22.17.46:025][  0]LogStreaming: Display: Took  0.402s to InitEngineTextLocalization.
[2018.08.14-22.17.46:025][  0]LogInit: Setting process to per monitor DPI aware
[2018.08.14-22.17.46:048][  0]LogSlate: New Slate User Created.  User Index 0, Is Virtual User: 0
[2018.08.14-22.17.46:048][  0]LogSlate: Slate User Registered.  User Index 0, Is Virtual User: 0
[2018.08.14-22.17.46:209][  0]LogHMD: Failed to initialize OpenVR with code 110
[2018.08.14-22.17.46:209][  0]LogD3D11RHI: D3D11 adapters:
[2018.08.14-22.17.46:269][  0]LogD3D11RHI:    0. 'NVIDIA GeForce GTX 1070' (Feature Level 11_0)
[2018.08.14-22.17.46:269][  0]LogD3D11RHI:       8096/0/8126 MB DedicatedVideo/DedicatedSystem/SharedSystem, Outputs:1, VendorId:0x10de
[2018.08.14-22.17.46:279][  0]LogD3D11RHI:    1. 'Intel(R) HD Graphics 630' (Feature Level 11_0)
[2018.08.14-22.17.46:279][  0]LogD3D11RHI:       128/0/8126 MB DedicatedVideo/DedicatedSystem/SharedSystem, Outputs:1, VendorId:0x8086
[2018.08.14-22.17.46:280][  0]LogD3D11RHI:    2. 'Microsoft Basic Render Driver' (Feature Level 11_0)
[2018.08.14-22.17.46:280][  0]LogD3D11RHI:       0/0/8126 MB DedicatedVideo/DedicatedSystem/SharedSystem, Outputs:0, VendorId:0x1414
[2018.08.14-22.17.46:280][  0]LogD3D11RHI: Chosen D3D11 Adapter: 0
[2018.08.14-22.17.46:287][  0]LogD3D11RHI: Creating new Direct3DDevice
[2018.08.14-22.17.46:287][  0]LogD3D11RHI:     GPU DeviceId: 0x1b81 (for the marketing name, search the web for "GPU Device Id")
[2018.08.14-22.17.46:287][  0]LogWindows: EnumDisplayDevices:
[2018.08.14-22.17.46:287][  0]LogWindows:    0. 'Intel(R) HD Graphics 630' (P:0 D:1)
[2018.08.14-22.17.46:287][  0]LogWindows:    1. 'Intel(R) HD Graphics 630' (P:0 D:0)
[2018.08.14-22.17.46:287][  0]LogWindows:    2. 'Intel(R) HD Graphics 630' (P:0 D:0)
[2018.08.14-22.17.46:288][  0]LogWindows:    3. 'NVIDIA GeForce GTX 1070' (P:1 D:1)
[2018.08.14-22.17.46:288][  0]LogWindows:    4. 'NVIDIA GeForce GTX 1070' (P:0 D:0)
[2018.08.14-22.17.46:288][  0]LogWindows:    5. 'NVIDIA GeForce GTX 1070' (P:0 D:0)
[2018.08.14-22.17.46:288][  0]LogWindows:    6. 'NVIDIA GeForce GTX 1070' (P:0 D:0)
[2018.08.14-22.17.46:288][  0]LogWindows: DebugString: PrimaryIsNotTheChoosenAdapter PrimaryIsNotTheChoosenAdapter PrimaryIsNotTheChoosenAdapter FoundDriverCount:4 
[2018.08.14-22.17.46:288][  0]LogD3D11RHI:     Adapter Name: NVIDIA GeForce GTX 1070
[2018.08.14-22.17.46:288][  0]LogD3D11RHI:   Driver Version: 388.13 (internal:23.21.13.8813, unified:388.13)
[2018.08.14-22.17.46:288][  0]LogD3D11RHI:      Driver Date: 10-27-2017
[2018.08.14-22.17.46:288][  0]LogRHI: Texture pool is 5667 MB (70% of 8096 MB)
[2018.08.14-22.17.46:318][  0]LogD3D11RHI: Async texture creation enabled
[2018.08.14-22.17.46:330][  0]LogD3D11RHI: GPU Timing Frequency: 1000.000000 (Debug: 2 1)
[2018.08.14-22.17.46:332][  0]LogShaderCompilers: Guid format shader working directory is -13 characters bigger than the processId version (../../../../../../Users/Zain/Documents/Unreal Projects/FPS/Intermediate/Shaders/WorkingDirectory/8740/).
[2018.08.14-22.17.46:333][  0]LogShaderCompilers: Cleaned the shader compiler working directory 'C:/Users/Zain/AppData/Local/Temp/UnrealShaderWorkingDir/ECF4469543398EC4C14FBCA3982A5DF7/'.
[2018.08.14-22.17.46:614][  0]LogTemp: Display: Loaded TP AllDesktopTargetPlatform
[2018.08.14-22.17.46:627][  0]LogTemp: Display: Loaded TP MacClientTargetPlatform
[2018.08.14-22.17.46:642][  0]LogTemp: Display: Loaded TP MacNoEditorTargetPlatform
[2018.08.14-22.17.46:655][  0]LogTemp: Display: Loaded TP MacServerTargetPlatform
[2018.08.14-22.17.46:667][  0]LogTemp: Display: Loaded TP MacTargetPlatform
[2018.08.14-22.17.46:680][  0]LogTemp: Display: Loaded TP WindowsClientTargetPlatform
[2018.08.14-22.17.46:692][  0]LogTemp: Display: Loaded TP WindowsNoEditorTargetPlatform
[2018.08.14-22.17.46:705][  0]LogTemp: Display: Loaded TP WindowsServerTargetPlatform
[2018.08.14-22.17.46:710][  0]LogTemp: Display: Loaded TP WindowsTargetPlatform
[2018.08.14-22.17.46:783][  0]LogTemp: Display: Loaded TP AndroidTargetPlatform
[2018.08.14-22.17.46:784][  0]LogTemp: Display: Loaded TP AndroidTargetPlatform
[2018.08.14-22.17.46:784][  0]LogTemp: Display: Loaded TP AndroidTargetPlatform
[2018.08.14-22.17.46:784][  0]LogTemp: Display: Loaded TP AndroidTargetPlatform
[2018.08.14-22.17.46:784][  0]LogTemp: Display: Loaded TP AndroidTargetPlatform
[2018.08.14-22.17.46:784][  0]LogTemp: Display: Loaded TP AndroidTargetPlatform
[2018.08.14-22.17.46:784][  0]LogTemp: Display: Loaded TP AndroidTargetPlatform
[2018.08.14-22.17.46:784][  0]LogTemp: Display: Loaded TP AndroidTargetPlatform
[2018.08.14-22.17.46:784][  0]LogTemp: Display: Loaded TP AndroidTargetPlatform
[2018.08.14-22.17.46:784][  0]LogTemp: Display: Loaded TP AndroidTargetPlatform
[2018.08.14-22.17.46:784][  0]LogTemp: Display: Loaded TP AndroidTargetPlatform
[2018.08.14-22.17.46:784][  0]LogTemp: Display: Loaded TP AndroidTargetPlatform
[2018.08.14-22.17.46:784][  0]LogTemp: Display: Loaded TP AndroidTargetPlatform
[2018.08.14-22.17.46:784][  0]LogTemp: Display: Loaded TP AndroidTargetPlatform
[2018.08.14-22.17.46:784][  0]LogTemp: Display: Loaded TP AndroidTargetPlatform
[2018.08.14-22.17.46:784][  0]LogTemp: Display: Loaded TP AndroidTargetPlatform
[2018.08.14-22.17.46:784][  0]LogTemp: Display: Loaded TP AndroidTargetPlatform
[2018.08.14-22.17.46:784][  0]LogTemp: Display: Loaded TP AndroidTargetPlatform
[2018.08.14-22.17.46:785][  0]LogTemp: Display: Loaded TP HTML5TargetPlatform
[2018.08.14-22.17.46:843][  0]LogTemp: Display: Loaded TP IOSTargetPlatform
[2018.08.14-22.17.46:843][  0]LogTemp: Display: Loaded TP IOSTargetPlatform
[2018.08.14-22.17.46:866][  0]LogTemp: Display: Loaded TP TVOSTargetPlatform
[2018.08.14-22.17.46:866][  0]LogTemp: Display: Loaded TP TVOSTargetPlatform
[2018.08.14-22.17.46:879][  0]LogTemp: Display: Loaded TP LinuxClientTargetPlatform
[2018.08.14-22.17.46:891][  0]LogTemp: Display: Loaded TP LinuxNoEditorTargetPlatform
[2018.08.14-22.17.46:902][  0]LogTemp: Display: Loaded TP LinuxServerTargetPlatform
[2018.08.14-22.17.46:914][  0]LogTemp: Display: Loaded TP LinuxTargetPlatform
[2018.08.14-22.17.46:923][  0]LogTemp: Display: Loaded TP LuminTargetPlatform
[2018.08.14-22.17.46:923][  0]LogTargetPlatformManager: Display: Building Assets For Windows
[2018.08.14-22.17.46:971][  0]LogXGEController: Cannot use XGE Controller as Incredibuild is not installed on this machine.
[2018.08.14-22.17.46:971][  0]LogShaderCompilers: Cannot use XGE Shader Compiler as Incredibuild is not installed on this machine.
[2018.08.14-22.17.46:971][  0]LogShaderCompilers: Display: Using Local Shader Compiler.
[2018.08.14-22.17.47:633][  0]LogDerivedDataCache: Display: Max Cache Size: 512 MB
[2018.08.14-22.17.47:687][  0]LogDerivedDataCache: Loaded boot cache 0.05s 71MB C:/Users/Zain/AppData/Local/UnrealEngine/4.20/DerivedDataCache/Boot.ddc.
[2018.08.14-22.17.47:687][  0]LogDerivedDataCache: Display: Loaded Boot cache: C:/Users/Zain/AppData/Local/UnrealEngine/4.20/DerivedDataCache/Boot.ddc
[2018.08.14-22.17.47:687][  0]LogDerivedDataCache: FDerivedDataBackendGraph:  Pak pak cache file ../../../../../../Users/Zain/Documents/Unreal Projects/FPS/DerivedDataCache/DDC.ddp not found, will not use a pak cache.
[2018.08.14-22.17.47:687][  0]LogDerivedDataCache: Unable to find inner node Pak for hierarchical cache Hierarchy.
[2018.08.14-22.17.47:687][  0]LogDerivedDataCache: FDerivedDataBackendGraph:  CompressedPak pak cache file ../../../../../../Users/Zain/Documents/Unreal Projects/FPS/DerivedDataCache/Compressed.ddp not found, will not use a pak cache.
[2018.08.14-22.17.47:687][  0]LogDerivedDataCache: Unable to find inner node CompressedPak for hierarchical cache Hierarchy.
[2018.08.14-22.17.47:700][  0]LogDerivedDataCache: Display: Pak cache opened for reading ../../../Engine/DerivedDataCache/Compressed.ddp.
[2018.08.14-22.17.47:712][  0]LogDerivedDataCache: Using Local data cache path C:/Users/Zain/AppData/Local/UnrealEngine/Common/DerivedDataCache: Writable
[2018.08.14-22.17.47:712][  0]LogDerivedDataCache: Shared data cache path not found in *engine.ini, will not use an Shared cache.
[2018.08.14-22.17.47:712][  0]LogDerivedDataCache: Unable to find inner node Shared for hierarchical cache Hierarchy.
[2018.08.14-22.17.47:729][  0]LogMaterial: Verifying Global Shaders for PCD3D_SM5
[2018.08.14-22.17.47:730][  0]LogSlate: Using FreeType 2.6.0
[2018.08.14-22.17.47:730][  0]LogSlate: SlateFontServices - WITH_FREETYPE: 1, WITH_HARFBUZZ: 1
[2018.08.14-22.17.47:800][  0]LogAssetRegistry: FAssetRegistry took 0.0255 seconds to start up
[2018.08.14-22.17.48:094][  0]LogInit: Selected Device Profile: [Windows]
[2018.08.14-22.17.48:212][  0]LogSimplygon: Simplygon DLL not present - disabling.
[2018.08.14-22.17.48:214][  0]LogMeshReduction: Using SimplygonSwarm for distributed automatic mesh merging
[2018.08.14-22.17.48:214][  0]LogMeshReduction: Using ProxyLODMeshReduction for automatic mesh merging
[2018.08.14-22.17.48:214][  0]LogMeshReduction: Using QuadricMeshReduction for automatic static mesh reduction
[2018.08.14-22.17.48:214][  0]LogMeshReduction: No automatic skeletal mesh reduction module available
[2018.08.14-22.17.48:232][  0]LogNetVersion: FPS 1.0.0, NetCL: 4212847, EngineNetVer: 5, GameNetVer: 0 (Checksum: 462728196)
[2018.08.14-22.17.48:725][  0]LogPackageLocalizationCache: Processed 11 localized package path(s) for 2 prioritized culture(s) in 0.091303 seconds
[2018.08.14-22.17.48:731][  0]LogUObjectArray: 38434 objects as part of root set at end of initial load.
[2018.08.14-22.17.48:731][  0]LogUObjectAllocator: 6701136 out of 0 bytes used by permanent object pool.
[2018.08.14-22.17.48:731][  0]LogUObjectArray: CloseDisregardForGC: 0/0 objects in disregard for GC pool
[2018.08.14-22.17.49:485][  0]LogTcpMessaging: Initializing TcpMessaging bridge
[2018.08.14-22.17.49:498][  0]LogUdpMessaging: Initializing bridge on interface 0.0.0.0:0 to multicast group 230.0.0.1:6666.
[2018.08.14-22.17.49:632][  0]SourceControl: Source control is disabled
[2018.08.14-22.17.49:633][  0]LogWindows: Warning: CreateProc failed: The system cannot find the file specified. (0x00000002)
[2018.08.14-22.17.49:633][  0]LogWindows: Warning: URL: E:/Programs/Git/bin/git.exe version
[2018.08.14-22.17.49:634][  0]LogWindows: Warning: CreateProc failed: The system cannot find the file specified. (0x00000002)
[2018.08.14-22.17.49:634][  0]LogWindows: Warning: URL: E:/Programs/Git/bin/git.exe version
[2018.08.14-22.17.49:634][  0]LogWindows: Warning: CreateProc failed: The system cannot find the file specified. (0x00000002)
[2018.08.14-22.17.49:634][  0]LogWindows: Warning: URL: E:/Programs/Git/bin/git.exe version
[2018.08.14-22.17.49:784][  0]LogAndroidPermission: UAndroidPermissionCallbackProxy::GetInstance
[2018.08.14-22.17.49:855][  0]LogOcInput: OculusInput pre-init called
[2018.08.14-22.17.49:912][  0]LogEngine: Initializing Engine...
[2018.08.14-22.17.49:912][  0]LogHMD: Failed to initialize OpenVR with code 110
[2018.08.14-22.17.49:914][  0]LogStats: UGameplayTagsManager::ConstructGameplayTagTree: ImportINI prefixes -  0.000 s
[2018.08.14-22.17.49:914][  0]LogStats: UGameplayTagsManager::ConstructGameplayTagTree: Construct from data asset -  0.000 s
[2018.08.14-22.17.49:914][  0]LogStats: UGameplayTagsManager::ConstructGameplayTagTree: ImportINI -  0.000 s
[2018.08.14-22.17.49:914][  0]LogStats: UGameplayTagsManager::ConstructGameplayTagTree: GameplayTagTreeChangedEvent.Broadcast -  0.000 s
[2018.08.14-22.17.50:123][  0]LogInit: Initializing FReadOnlyCVARCache
[2018.08.14-22.17.50:134][  0]LogAIModule: Creating AISystem for world Untitled
[2018.08.14-22.17.50:206][  0]LogInit: XAudio2 using 'Speakers (Realtek High Definition Audio)' : 6 channels at 48 kHz using 32 bits per sample (channel mask 0x3f)
[2018.08.14-22.17.50:222][  0]LogInit: FAudioDevice initialized.
[2018.08.14-22.17.50:222][  0]LogNetVersion: Set ProjectVersion to 1.0.0.0. Version Checksum will be recalculated on next use.
[2018.08.14-22.17.50:292][  0]LogDerivedDataCache: Saved boot cache 0.07s 71MB C:/Users/Zain/AppData/Local/UnrealEngine/4.20/DerivedDataCache/Boot.ddc.
[2018.08.14-22.17.50:301][  0]LogInit: Texture streaming: Enabled
[2018.08.14-22.17.50:316][  0]LogEngineSessionManager: EngineSessionManager initialized
[2018.08.14-22.17.50:328][  0]LogInit: Transaction tracking system initialized
[2018.08.14-22.17.50:346][  0]BlueprintLog: New page: Editor Load
[2018.08.14-22.17.50:410][  0]LocalizationService: Localization service is disabled
[2018.08.14-22.17.50:633][  0]LogCook: Display: Max memory allowance for cook 16384mb min free memory 0mb
[2018.08.14-22.17.50:633][  0]LogCook: Display: Mobile HDR setting 1
[2018.08.14-22.17.50:633][  0]LogGameplayTags: Display: UGameplayTagsManager::DoneAddingNativeTags. DelegateIsBound: 0
[2018.08.14-22.17.50:633][  0]LogStats: UGameplayTagsManager::ConstructGameplayTagTree: ImportINI prefixes -  0.000 s
[2018.08.14-22.17.50:633][  0]LogStats: UGameplayTagsManager::ConstructGameplayTagTree: Construct from data asset -  0.000 s
[2018.08.14-22.17.50:633][  0]LogStats: UGameplayTagsManager::ConstructGameplayTagTree: ImportINI -  0.000 s
[2018.08.14-22.17.50:633][  0]LogStats: UGameplayTagsManager::ConstructGameplayTagTree: GameplayTagTreeChangedEvent.Broadcast -  0.000 s
[2018.08.14-22.17.50:728][  0]LogFileCache: Scanning file cache for directory 'C:/Users/Zain/Documents/Unreal Projects/FPS/Content/' took 0.01s
[2018.08.14-22.17.50:728][  0]LogWindows: Warning: CreateProc failed: The system cannot find the file specified. (0x00000002)
[2018.08.14-22.17.50:728][  0]LogWindows: Warning: URL: E:/Programs/Git/bin/git.exe version
[2018.08.14-22.17.50:728][  0]Cmd: MAP LOAD FILE="../../../../../../Users/Zain/Documents/Unreal Projects/FPS/Content/Maps/Menu.umap" TEMPLATE=0 SHOWPROGRESS=1 FEATURELEVEL=3
[2018.08.14-22.17.50:729][  0]LightingResults: New page: Lighting Build
[2018.08.14-22.17.50:730][  0]MapCheck: New page: Map Check
[2018.08.14-22.17.50:731][  0]LightingResults: New page: Lighting Build
[2018.08.14-22.17.50:802][  0]LogBlueprint: Error: [Compiler Games] In use pin  New Param  no longer exists on node  Join . Please refresh node or break links to remove pin.
[2018.08.14-22.17.50:813][  0]LogBlueprint: Warning: [Compiler Games] [0006.40] Compile of Games failed. 1 Fatal Issue(s) 0 Warning(s) [in 19 ms] (/Game/Ui/Games.Games)
[2018.08.14-22.17.50:879][  0]LogAIModule: Creating AISystem for world Menu
[2018.08.14-22.17.50:880][  0]LogEditorServer: Finished looking for orphan Actors (0.000 secs)
[2018.08.14-22.17.50:901][  0]Cmd: MAP CHECKDEP NOCLEARLOG
[2018.08.14-22.17.50:950][  0]MapCheck: Map check complete: 0 Error(s), 0 Warning(s), took 48.775ms to complete.
[2018.08.14-22.17.50:950][  0]LogFileHelpers: Loading map 'Menu' took 0.222
[2018.08.14-22.17.51:055][  0]LogSlate: Updating window title bar state: overlay mode, drag disabled, window buttons hidden, title bar hidden
[2018.08.14-22.17.51:062][  0]LogSlate: Updating window title bar state: overlay mode, drag disabled, window buttons hidden, title bar hidden
[2018.08.14-22.17.51:070][  0]LogSlate: Updating window title bar state: overlay mode, drag disabled, window buttons hidden, title bar hidden
[2018.08.14-22.17.51:077][  0]LogSlate: Updating window title bar state: overlay mode, drag disabled, window buttons hidden, title bar hidden
[2018.08.14-22.17.51:082][  0]LogCollectionManager: Loaded 0 collections in 0.001361 seconds
[2018.08.14-22.17.51:123][  0]LogFileCache: Scanning file cache for directory 'C:/Users/Zain/Documents/Unreal Projects/FPS/Saved/Collections/' took 0.01s
[2018.08.14-22.17.51:123][  0]LogFileCache: Scanning file cache for directory 'C:/Users/Zain/Documents/Unreal Projects/FPS/Content/Developers/Zain/Collections/' took 0.01s
[2018.08.14-22.17.51:123][  0]LogFileCache: Scanning file cache for directory 'C:/Users/Zain/Documents/Unreal Projects/FPS/Content/Collections/' took 0.01s
[2018.08.14-22.17.51:123][  0]LogCollectionManager: Rebuilt the GUID cache for 0 collections in 0.000001 seconds
[2018.08.14-22.17.51:131][  0]LogContentBrowser: Native class hierarchy populated in 0.0084 seconds. Added 2575 classes and 607 folders.
[2018.08.14-22.17.51:137][  0]LogContentBrowser: Native class hierarchy updated for 'WidgetCarousel' in 0.0002 seconds. Added 0 classes and 0 folders.
[2018.08.14-22.17.51:167][  0]LogContentBrowser: Native class hierarchy updated for 'AddContentDialog' in 0.0002 seconds. Added 0 classes and 0 folders.
[2018.08.14-22.17.51:171][  0]LogContentBrowser: Native class hierarchy updated for 'SceneOutliner' in 0.0002 seconds. Added 1 classes and 2 folders.
[2018.08.14-22.17.51:183][  0]LogSlate: Took 0.000189 seconds to synchronously load lazily loaded font '../../../Engine/Content/Slate/Fonts/Roboto-Regular.ttf' (155K)
[2018.08.14-22.17.51:185][  0]LogSlate: Took 0.000162 seconds to synchronously load lazily loaded font '../../../Engine/Content/Slate/Fonts/Roboto-Bold.ttf' (160K)
[2018.08.14-22.17.51:190][  0]LogSlate: Took 0.000206 seconds to synchronously load lazily loaded font '../../../Engine/Content/Editor/Slate/Fonts/FontAwesome.ttf' (139K)
[2018.08.14-22.17.51:262][  0]LogRenderer: Reallocating scene render targets to support 1208x576 Format 10 NumSamples 1 (Frame:1).
[2018.08.14-22.17.51:446][  0]LogContentBrowser: Native class hierarchy updated for 'HierarchicalLODOutliner' in 0.0002 seconds. Added 0 classes and 0 folders.
[2018.08.14-22.17.51:446][  0]LogLoad: (Engine Initialization) Total time: 7.03 seconds
[2018.08.14-22.17.51:446][  0]LogLoad: (Engine Initialization) Total Blueprint compile time: 0.00 seconds
[2018.08.14-22.17.51:456][  0]LogWindowsTextInputMethodSystem: Display: IME system now deactivated.
[2018.08.14-22.17.51:475][  0]LogContentStreaming: Texture pool size now 3000 MB
[2018.08.14-22.17.51:494][  0]LogSlate: Took 0.000123 seconds to synchronously load lazily loaded font '../../../Engine/Content/Slate/Fonts/Roboto-Light.ttf' (167K)
[2018.08.14-22.17.51:520][  1]LogAssetRegistry: Asset discovery search completed in 3.7417 seconds
[2018.08.14-22.17.51:521][  1]LogCollectionManager: Rebuilt the object cache for 0 collections in 0.000000 seconds (found 0 objects)
[2018.08.14-22.17.51:521][  1]LogCollectionManager: Fixed up redirectors for 0 collections in 0.000047 seconds (updated 0 objects)
[2018.08.14-22.17.52:474][110]LogSlate: Took 0.000189 seconds to synchronously load lazily loaded font '../../../Engine/Content/Slate/Fonts/Roboto-Light.ttf' (167K)
[2018.08.14-22.17.54:025][296]LogSlate: FSceneViewport::OnFocusLost() reason 0
[2018.08.14-22.17.58:246][466]LogSlate: Window 'FPS - Unreal Editor' being destroyed
[2018.08.14-22.17.58:246][466]LogWindowsTextInputMethodSystem: Display: IME system now deactivated.
[2018.08.14-22.17.58:431][467]Cmd: QUIT_EDITOR
[2018.08.14-22.17.58:462][467]LogExit: Preparing to exit.
[2018.08.14-22.17.59:579][467]LogExit: Editor shut down
[2018.08.14-22.17.59:580][467]LogExit: Transaction tracking system shut down
[2018.08.14-22.18.00:167][467]LogExit: Object subsystem successfully closed.
[2018.08.14-22.18.00:183][467]LogShaderCompilers: Display: Shaders left to compile 0
[2018.08.14-22.18.00:186][467]LogD3D11RHI: Shutdown
[2018.08.14-22.18.00:186][467]LogD3D11RHI: CleanupD3DDevice
[2018.08.14-22.18.00:187][467]LogD3D11RHI: ~FD3D11DynamicRHI
[2018.08.14-22.18.00:201][467]LogModuleManager: Shutting down and abandoning module HierarchicalLODOutliner (612)
[2018.08.14-22.18.00:201][467]LogModuleManager: Shutting down and abandoning module SceneOutliner (610)
[2018.08.14-22.18.00:201][467]LogModuleManager: Shutting down and abandoning module AddContentDialog (608)
[2018.08.14-22.18.00:203][467]LogModuleManager: Shutting down and abandoning module WidgetCarousel (607)
[2018.08.14-22.18.00:203][467]LogModuleManager: Shutting down and abandoning module EditorWidgets (604)
[2018.08.14-22.18.00:203][467]LogModuleManager: Shutting down and abandoning module CollectionManager (602)
[2018.08.14-22.18.00:203][467]LogModuleManager: Shutting down and abandoning module StatsViewer (600)
[2018.08.14-22.18.00:203][467]LogModuleManager: Shutting down and abandoning module FoliageEdit (598)
[2018.08.14-22.18.00:203][467]LogModuleManager: Shutting down and abandoning module LandscapeEditor (596)
[2018.08.14-22.18.00:203][467]LogModuleManager: Shutting down and abandoning module MeshPaintMode (594)
[2018.08.14-22.18.00:203][467]LogModuleManager: Shutting down and abandoning module SceneDepthPickerMode (592)
[2018.08.14-22.18.00:203][467]LogModuleManager: Shutting down and abandoning module ActorPickerMode (590)
[2018.08.14-22.18.00:203][467]LogModuleManager: Shutting down and abandoning module GeometryMode (588)
[2018.08.14-22.18.00:203][467]LogModuleManager: Shutting down and abandoning module TextureAlignMode (586)
[2018.08.14-22.18.00:204][467]LogModuleManager: Shutting down and abandoning module BspMode (584)
[2018.08.14-22.18.00:204][467]LogModuleManager: Shutting down and abandoning module PIEPreviewDeviceProfileSelector (582)
[2018.08.14-22.18.00:204][467]LogModuleManager: Shutting down and abandoning module SequenceRecorderSections (580)
[2018.08.14-22.18.00:204][467]LogModuleManager: Shutting down and abandoning module AutomationWorker (578)
[2018.08.14-22.18.00:204][467]LogModuleManager: Shutting down and abandoning module AudioCaptureEditor (576)
[2018.08.14-22.18.00:204][467]LogModuleManager: Shutting down and abandoning module SequenceRecorder (575)
[2018.08.14-22.18.00:204][467]LogModuleManager: Shutting down and abandoning module MatineeToLevelSequence (572)
[2018.08.14-22.18.00:204][467]LogModuleManager: Shutting down and abandoning module LevelSequenceEditor (570)
[2018.08.14-22.18.00:204][467]LogModuleManager: Shutting down and abandoning module PlacementMode (569)
[2018.08.14-22.18.00:204][467]LogModuleManager: Shutting down and abandoning module MaterialEditor (568)
[2018.08.14-22.18.00:204][467]LogModuleManager: Shutting down and abandoning module WmfMediaFactory (564)
[2018.08.14-22.18.00:204][467]LogModuleManager: Shutting down and abandoning module WmfMediaEditor (562)
[2018.08.14-22.18.00:204][467]LogModuleManager: Shutting down and abandoning module MediaPlayerEditor (560)
[2018.08.14-22.18.00:204][467]LogModuleManager: Shutting down and abandoning module OpenExrWrapper (558)
[2018.08.14-22.18.00:204][467]LogModuleManager: Shutting down and abandoning module ImgMediaFactory (556)
[2018.08.14-22.18.00:204][467]LogModuleManager: Shutting down and abandoning module ImgMediaEditor (554)
[2018.08.14-22.18.00:204][467]LogModuleManager: Shutting down and abandoning module AvfMediaFactory (552)
[2018.08.14-22.18.00:204][467]LogModuleManager: Shutting down and abandoning module AvfMediaEditor (550)
[2018.08.14-22.18.00:204][467]LogModuleManager: Shutting down and abandoning module AndroidMediaFactory (548)
[2018.08.14-22.18.00:204][467]LogModuleManager: Shutting down and abandoning module AndroidMediaEditor (546)
[2018.08.14-22.18.00:204][467]LogModuleManager: Shutting down and abandoning module MagicLeapCameraPreviewFactory (544)
[2018.08.14-22.18.00:204][467]LogModuleManager: Shutting down and abandoning module MagicLeapMediaFactory (542)
[2018.08.14-22.18.00:204][467]LogModuleManager: Shutting down and abandoning module MagicLeapMediaEditor (540)
[2018.08.14-22.18.00:204][467]LogModuleManager: Shutting down and abandoning module CharacterAI (538)
[2018.08.14-22.18.00:204][467]LogModuleManager: Shutting down and abandoning module SmartSnapping (536)
[2018.08.14-22.18.00:204][467]LogModuleManager: Shutting down and abandoning module SessionServices (534)
[2018.08.14-22.18.00:204][467]LogModuleManager: Shutting down and abandoning module ViewportSnapping (532)
[2018.08.14-22.18.00:204][467]LogModuleManager: Shutting down and abandoning module ViewportInteraction (530)
[2018.08.14-22.18.00:204][467]LogModuleManager: Shutting down and abandoning module ClothPainter (528)
[2018.08.14-22.18.00:204][467]LogModuleManager: Shutting down and abandoning module SkeletalMeshEditor (527)
[2018.08.14-22.18.00:204][467]LogModuleManager: Shutting down and abandoning module LogVisualizer (524)
[2018.08.14-22.18.00:204][467]LogModuleManager: Shutting down and abandoning module IntroTutorials (522)
[2018.08.14-22.18.00:204][467]LogModuleManager: Shutting down and abandoning module GameProjectGeneration (521)
[2018.08.14-22.18.00:204][467]LogModuleManager: Shutting down and abandoning module LuminPlatformEditor (518)
[2018.08.14-22.18.00:204][467]LogModuleManager: Shutting down and abandoning module IOSPlatformEditor (516)
[2018.08.14-22.18.00:204][467]LogModuleManager: Shutting down and abandoning module HTML5PlatformEditor (514)
[2018.08.14-22.18.00:204][467]LogModuleManager: Shutting down and abandoning module AndroidPlatformEditor (512)
[2018.08.14-22.18.00:204][467]LogModuleManager: Shutting down and abandoning module AndroidDeviceDetection (511)
[2018.08.14-22.18.00:449][467]LogModuleManager: Shutting down and abandoning module WindowsPlatformEditor (508)
[2018.08.14-22.18.00:450][467]LogModuleManager: Shutting down and abandoning module LuminRuntimeSettings (506)
[2018.08.14-22.18.00:450][467]LogModuleManager: Shutting down and abandoning module IOSRuntimeSettings (504)
[2018.08.14-22.18.00:450][467]LogModuleManager: Shutting down and abandoning module AndroidRuntimeSettings (502)
[2018.08.14-22.18.00:450][467]LogModuleManager: Shutting down and abandoning module InputBindingEditor (500)
[2018.08.14-22.18.00:450][467]LogModuleManager: Shutting down and abandoning module MergeActors (498)
[2018.08.14-22.18.00:450][467]LogModuleManager: Shutting down and abandoning module LocalizationDashboard (496)
[2018.08.14-22.18.00:450][467]LogModuleManager: Shutting down and abandoning module LocalizationService (495)
[2018.08.14-22.18.00:450][467]LogModuleManager: Shutting down and abandoning module HardwareTargeting (492)
[2018.08.14-22.18.00:450][467]LogModuleManager: Shutting down and abandoning module DeviceProfileEditor (490)
[2018.08.14-22.18.00:450][467]LogModuleManager: Shutting down and abandoning module UndoHistory (488)
[2018.08.14-22.18.00:450][467]LogModuleManager: Shutting down and abandoning module XmlParser (486)
[2018.08.14-22.18.00:450][467]LogModuleManager: Shutting down and abandoning module Blutility (484)
[2018.08.14-22.18.00:450][467]LogModuleManager: Shutting down and abandoning module ProjectSettingsViewer (482)
[2018.08.14-22.18.00:450][467]LogModuleManager: Shutting down and abandoning module ProjectTargetPlatformEditor (481)
[2018.08.14-22.18.00:450][467]LogModuleManager: Shutting down and abandoning module EditorSettingsViewer (478)
[2018.08.14-22.18.00:450][467]LogModuleManager: Shutting down and abandoning module SettingsEditor (476)
[2018.08.14-22.18.00:450][467]LogModuleManager: Shutting down and abandoning module ProjectLauncher (474)
[2018.08.14-22.18.00:450][467]LogModuleManager: Shutting down and abandoning module SessionFrontend (472)
[2018.08.14-22.18.00:450][467]LogModuleManager: Shutting down and abandoning module ProfilerClient (470)
[2018.08.14-22.18.00:450][467]LogModuleManager: Shutting down and abandoning module DeviceManager (468)
[2018.08.14-22.18.00:450][467]LogModuleManager: Shutting down and abandoning module TargetDeviceServices (467)
[2018.08.14-22.18.00:505][467]LogModuleManager: Shutting down and abandoning module AutomationController (464)
[2018.08.14-22.18.00:505][467]LogModuleManager: Shutting down and abandoning module AutomationWindow (462)
[2018.08.14-22.18.00:505][467]LogModuleManager: Shutting down and abandoning module Layers (460)
[2018.08.14-22.18.00:505][467]LogModuleManager: Shutting down and abandoning module ComponentVisualizers (458)
[2018.08.14-22.18.00:505][467]LogModuleManager: Shutting down and abandoning module DetailCustomizations (456)
[2018.08.14-22.18.00:505][467]LogModuleManager: Shutting down and abandoning module PackagesDialog (454)
[2018.08.14-22.18.00:505][467]LogModuleManager: Shutting down and abandoning module Persona (452)
[2018.08.14-22.18.00:505][467]LogModuleManager: Shutting down and abandoning module AdvancedPreviewScene (451)
[2018.08.14-22.18.00:505][467]LogModuleManager: Shutting down and abandoning module AnimGraph (449)
[2018.08.14-22.18.00:505][467]LogModuleManager: Shutting down and abandoning module Kismet (446)
[2018.08.14-22.18.00:505][467]LogModuleManager: Shutting down and abandoning module GraphEditor (444)
[2018.08.14-22.18.00:505][467]LogModuleManager: Shutting down and abandoning module ClassViewer (442)
[2018.08.14-22.18.00:505][467]LogModuleManager: Shutting down and abandoning module Toolbox (440)
[2018.08.14-22.18.00:505][467]LogModuleManager: Shutting down and abandoning module ModuleUI (438)
[2018.08.14-22.18.00:505][467]LogModuleManager: Shutting down and abandoning module MovieSceneTools (436)
[2018.08.14-22.18.00:505][467]LogModuleManager: Shutting down and abandoning module OutputLog (434)
[2018.08.14-22.18.00:505][467]LogModuleManager: Shutting down and abandoning module GammaUI (432)
[2018.08.14-22.18.00:505][467]LogModuleManager: Shutting down and abandoning module Documentation (430)
[2018.08.14-22.18.00:506][467]LogModuleManager: Shutting down and abandoning module MovieSceneTracks (428)
[2018.08.14-22.18.00:506][467]LogModuleManager: Shutting down and abandoning module MovieScene (426)
[2018.08.14-22.18.00:506][467]LogModuleManager: Shutting down and abandoning module StreamingPauseRendering (424)
[2018.08.14-22.18.00:506][467]LogModuleManager: Shutting down and abandoning module LauncherPlatform (422)
[2018.08.14-22.18.00:506][467]LogModuleManager: Shutting down and abandoning module AnalyticsET (420)
[2018.08.14-22.18.00:506][467]LogModuleManager: Shutting down and abandoning module PortalServices (418)
[2018.08.14-22.18.00:506][467]LogModuleManager: Shutting down and abandoning module PortalRpc (416)
[2018.08.14-22.18.00:506][467]LogModuleManager: Shutting down and abandoning module MessagingRpc (414)
[2018.08.14-22.18.00:506][467]LogModuleManager: Shutting down and abandoning module AIModule (412)
[2018.08.14-22.18.00:506][467]LogModuleManager: Shutting down and abandoning module GameplayDebugger (411)
[2018.08.14-22.18.00:506][467]LogModuleManager: Shutting down and abandoning module AITestSuite (409)
[2018.08.14-22.18.00:506][467]LogModuleManager: Shutting down and abandoning module NavigationSystem (407)
[2018.08.14-22.18.00:506][467]LogModuleManager: Shutting down and abandoning module DesktopPlatform (404)
[2018.08.14-22.18.00:506][467]LogModuleManager: Shutting down and abandoning module ProfilerService (402)
[2018.08.14-22.18.00:652][467]LogModuleManager: Shutting down and abandoning module TaskGraph (400)
[2018.08.14-22.18.00:652][467]LogModuleManager: Shutting down and abandoning module SteamVRController (398)
[2018.08.14-22.18.00:652][467]LogModuleManager: Shutting down and abandoning module ProceduralMeshComponentEditor (396)
[2018.08.14-22.18.00:652][467]LogModuleManager: Shutting down and abandoning module ProceduralMeshComponent (394)
[2018.08.14-22.18.00:652][467]LogModuleManager: Shutting down and abandoning module OculusInput (392)
[2018.08.14-22.18.00:652][467]LogModuleManager: Shutting down and abandoning module MobilePatchingUtils (390)
[2018.08.14-22.18.00:652][467]LogModuleManager: Shutting down and abandoning module EditableMesh (388)
[2018.08.14-22.18.00:652][467]LogModuleManager: Shutting down and abandoning module CustomMeshComponent (386)
[2018.08.14-22.18.00:652][467]LogModuleManager: Shutting down and abandoning module CableComponent (384)
[2018.08.14-22.18.00:652][467]LogModuleManager: Shutting down and abandoning module AudioCapture (382)
[2018.08.14-22.18.00:652][467]LogModuleManager: Shutting down and abandoning module ArchVisCharacter (380)
[2018.08.14-22.18.00:652][467]LogModuleManager: Shutting down and abandoning module AndroidPermission (378)
[2018.08.14-22.18.00:652][467]LogModuleManager: Shutting down and abandoning module NUTUnrealEngine4 (376)
[2018.08.14-22.18.00:652][467]LogModuleManager: Shutting down and abandoning module NetcodeUnitTest (374)
[2018.08.14-22.18.00:652][467]LogModuleManager: Shutting down and abandoning module MediaCompositingEditor (372)
[2018.08.14-22.18.00:652][467]LogModuleManager: Shutting down and abandoning module MediaCompositing (370)
[2018.08.14-22.18.00:652][467]LogModuleManager: Shutting down and abandoning module LinearTimecode (368)
[2018.08.14-22.18.00:652][467]LogModuleManager: Shutting down and abandoning module ImgMedia (366)
[2018.08.14-22.18.00:655][467]LogModuleManager: Shutting down and abandoning module HTML5Networking (364)
[2018.08.14-22.18.00:655][467]LogModuleManager: Shutting down and abandoning module GeometryCacheTracks (362)
[2018.08.14-22.18.00:655][467]LogModuleManager: Shutting down and abandoning module GeometryCacheSequencer (360)
[2018.08.14-22.18.00:655][467]LogModuleManager: Shutting down and abandoning module BackChannel (358)
[2018.08.14-22.18.00:655][467]LogModuleManager: Shutting down and abandoning module AppleVision (356)
[2018.08.14-22.18.00:655][467]LogModuleManager: Shutting down and abandoning module AppleImageUtils (354)
[2018.08.14-22.18.00:655][467]LogModuleManager: Shutting down and abandoning module AlembicImporter (352)
[2018.08.14-22.18.00:655][467]LogModuleManager: Shutting down and abandoning module AlembicLibrary (351)
[2018.08.14-22.18.00:656][467]LogModuleManager: Shutting down and abandoning module GeometryCache (350)
[2018.08.14-22.18.00:656][467]LogModuleManager: Shutting down and abandoning module GeometryCacheEd (349)
[2018.08.14-22.18.00:656][467]LogModuleManager: Shutting down and abandoning module DatasmithContentEditor (344)
[2018.08.14-22.18.00:656][467]LogModuleManager: Shutting down and abandoning module DatasmithContent (342)
[2018.08.14-22.18.00:656][467]LogModuleManager: Shutting down and abandoning module SpeedTreeImporter (340)
[2018.08.14-22.18.00:656][467]LogModuleManager: Shutting down and abandoning module PluginBrowser (338)
[2018.08.14-22.18.00:656][467]LogModuleManager: Shutting down and abandoning module MobileLauncherProfileWizard (336)
[2018.08.14-22.18.00:656][467]LogModuleManager: Shutting down and abandoning module PolygonModeling (334)
[2018.08.14-22.18.00:656][467]LogModuleManager: Shutting down and abandoning module MeshEditor (332)
[2018.08.14-22.18.00:656][467]LogModuleManager: Shutting down and abandoning module CryptoKeysOpenSSL (330)
[2018.08.14-22.18.00:656][467]LogModuleManager: Shutting down and abandoning module CryptoKeys (328)
[2018.08.14-22.18.00:656][467]LogModuleManager: Shutting down and abandoning module VisualStudioSourceCodeAccess (326)
[2018.08.14-22.18.00:656][467]LogModuleManager: Shutting down and abandoning module VisualStudioCodeSourceCodeAccess (324)
[2018.08.14-22.18.00:656][467]LogModuleManager: Shutting down and abandoning module UObjectPlugin (322)
[2018.08.14-22.18.00:656][467]LogModuleManager: Shutting down and abandoning module SubversionSourceControl (320)
[2018.08.14-22.18.00:656][467]LogModuleManager: Shutting down and abandoning module PerforceSourceControl (318)
[2018.08.14-22.18.00:656][467]LogModuleManager: Shutting down and abandoning module GitSourceControl (316)
[2018.08.14-22.18.00:656][467]LogModuleManager: Shutting down and abandoning module SourceControl (315)
[2018.08.14-22.18.00:656][467]LogModuleManager: Shutting down and abandoning module CLionSourceCodeAccess (312)
[2018.08.14-22.18.00:656][467]LogModuleManager: Shutting down and abandoning module LightPropagationVolumeEditor (310)
[2018.08.14-22.18.00:656][467]LogModuleManager: Shutting down and abandoning module PaperTiledImporter (308)
[2018.08.14-22.18.00:656][467]LogModuleManager: Shutting down and abandoning module PaperSpriteSheetImporter (306)
[2018.08.14-22.18.00:656][467]LogModuleManager: Shutting down and abandoning module Paper2DEditor (304)
[2018.08.14-22.18.00:656][467]LogModuleManager: Shutting down and abandoning module MeshPaint (303)
[2018.08.14-22.18.00:656][467]LogModuleManager: Shutting down and abandoning module RuntimePhysXCooking (300)
[2018.08.14-22.18.00:656][467]LogModuleManager: Shutting down and abandoning module PhysXVehiclesEditor (298)
[2018.08.14-22.18.00:656][467]LogModuleManager: Shutting down and abandoning module PhysXVehicles (296)
[2018.08.14-22.18.00:656][467]LogModuleManager: Shutting down and abandoning module OculusEditor (294)
[2018.08.14-22.18.00:656][467]LogModuleManager: Shutting down and abandoning module LocationServicesBPLibrary (292)
[2018.08.14-22.18.00:656][467]LogModuleManager: Shutting down and abandoning module ImmediatePhysicsEditor (290)
[2018.08.14-22.18.00:656][467]LogModuleManager: Shutting down and abandoning module ImmediatePhysics (288)
[2018.08.14-22.18.00:656][467]LogModuleManager: Shutting down and abandoning module ActorSequence (286)
[2018.08.14-22.18.00:656][467]LogModuleManager: Shutting down and abandoning module UdpMessaging (284)
[2018.08.14-22.18.00:758][467]LogModuleManager: Shutting down and abandoning module TcpMessaging (282)
[2018.08.14-22.18.00:859][467]LogModuleManager: Shutting down and abandoning module MagicLeapAudio (280)
[2018.08.14-22.18.00:859][467]LogModuleManager: Shutting down and abandoning module GameplayTagsEditor (278)
[2018.08.14-22.18.00:859][467]LogModuleManager: Shutting down and abandoning module FacialAnimationEditor (276)
[2018.08.14-22.18.00:859][467]LogModuleManager: Shutting down and abandoning module FacialAnimation (274)
[2018.08.14-22.18.00:859][467]LogModuleManager: Shutting down and abandoning module DataValidation (272)
[2018.08.14-22.18.00:859][467]LogModuleManager: Shutting down and abandoning module AssetManagerEditor (270)
[2018.08.14-22.18.00:859][467]LogModuleManager: Shutting down and abandoning module LevelEditor (269)
[2018.08.14-22.18.00:860][467]LogModuleManager: Shutting down and abandoning module PixelInspectorModule (268)
[2018.08.14-22.18.00:860][467]LogModuleManager: Shutting down and abandoning module CommonMenuExtensions (266)
[2018.08.14-22.18.00:860][467]LogModuleManager: Shutting down and abandoning module MainFrame (264)
[2018.08.14-22.18.00:860][467]LogModuleManager: Shutting down and abandoning module HotReload (263)
[2018.08.14-22.18.00:860][467]LogModuleManager: Shutting down and abandoning module ContentBrowser (259)
[2018.08.14-22.18.00:861][467]LogModuleManager: Shutting down and abandoning module TreeMap (257)
[2018.08.14-22.18.00:861][467]LogModuleManager: Shutting down and abandoning module LightPropagationVolumeRuntime (254)
[2018.08.14-22.18.00:861][467]LogModuleManager: Shutting down and abandoning module AISupportModule (252)
[2018.08.14-22.18.00:861][467]LogModuleManager: Shutting down and abandoning module Paper2D (250)
[2018.08.14-22.18.00:861][467]LogModuleManager: Shutting down and abandoning module WindowsMoviePlayer (248)
[2018.08.14-22.18.00:861][467]LogModuleManager: Shutting down and abandoning module WmfMedia (246)
[2018.08.14-22.18.00:862][467]LogModuleManager: Shutting down and abandoning module Media (245)
[2018.08.14-22.18.00:868][467]LogModuleManager: Shutting down and abandoning module PacketHandler (242)
[2018.08.14-22.18.00:868][467]LogModuleManager: Shutting down and abandoning module ClothingSystemEditor (240)
[2018.08.14-22.18.00:868][467]LogModuleManager: Shutting down and abandoning module ClothingSystemRuntime (238)
[2018.08.14-22.18.00:868][467]LogModuleManager: Shutting down and abandoning module MediaAssets (236)
[2018.08.14-22.18.00:868][467]LogModuleManager: Shutting down and abandoning module Overlay (234)
[2018.08.14-22.18.00:868][467]LogModuleManager: Shutting down and abandoning module OverlayEditor (233)
[2018.08.14-22.18.00:868][467]LogModuleManager: Shutting down and abandoning module VREditor (230)
[2018.08.14-22.18.00:868][467]LogModuleManager: Shutting down and abandoning module StringTableEditor (228)
[2018.08.14-22.18.00:868][467]LogModuleManager: Shutting down and abandoning module GameplayTasksEditor (226)
[2018.08.14-22.18.00:868][467]LogModuleManager: Shutting down and abandoning module BehaviorTreeEditor (224)
[2018.08.14-22.18.00:868][467]LogModuleManager: Shutting down and abandoning module FunctionalTesting (222)
[2018.08.14-22.18.00:868][467]LogModuleManager: Shutting down and abandoning module CollisionAnalyzer (220)
[2018.08.14-22.18.00:868][467]LogModuleManager: Shutting down and abandoning module WorkspaceMenuStructure (219)
[2018.08.14-22.18.00:868][467]LogModuleManager: Shutting down and abandoning module UMG (216)
[2018.08.14-22.18.00:868][467]LogModuleManager: Shutting down and abandoning module UMGEditor (215)
[2018.08.14-22.18.00:868][467]LogModuleManager: Shutting down and abandoning module Sequencer (214)
[2018.08.14-22.18.00:869][467]LogModuleManager: Shutting down and abandoning module MessageLog (211)
[2018.08.14-22.18.00:869][467]LogModuleManager: Shutting down and abandoning module SlateReflector (206)
[2018.08.14-22.18.00:869][467]LogModuleManager: Shutting down and abandoning module Slate (204)
[2018.08.14-22.18.00:869][467]LogModuleManager: Shutting down and abandoning module EditorStyle (202)
[2018.08.14-22.18.00:870][467]LogModuleManager: Shutting down and abandoning module MRMesh (200)
[2018.08.14-22.18.00:870][467]LogModuleManager: Shutting down and abandoning module SourceCodeAccess (198)
[2018.08.14-22.18.00:870][467]LogModuleManager: Shutting down and abandoning module HeadMountedDisplay (196)
[2018.08.14-22.18.00:870][467]LogModuleManager: Shutting down and abandoning module XAudio2 (194)
[2018.08.14-22.18.00:870][467]LogModuleManager: Shutting down and abandoning module Networking (192)
[2018.08.14-22.18.00:870][467]LogModuleManager: Shutting down and abandoning module Core (190)
[2018.08.14-22.18.00:871][467]LogModuleManager: Shutting down and abandoning module LevelSequence (188)
[2018.08.14-22.18.00:871][467]LogModuleManager: Shutting down and abandoning module KismetCompiler (186)
[2018.08.14-22.18.00:871][467]LogModuleManager: Shutting down and abandoning module MeshUtilities (184)
[2018.08.14-22.18.00:871][467]LogModuleManager: Shutting down and abandoning module MeshMergeUtilities (183)
[2018.08.14-22.18.00:871][467]LogModuleManager: Shutting down and abandoning module MeshReductionInterface (182)
[2018.08.14-22.18.00:871][467]LogModuleManager: Shutting down and abandoning module SimplygonSwarm (181)
[2018.08.14-22.18.00:871][467]LogModuleManager: Shutting down and abandoning module ProxyLODMeshReduction (179)
[2018.08.14-22.18.00:871][467]LogModuleManager: Shutting down and abandoning module SimplygonMeshReduction (177)
[2018.08.14-22.18.00:871][467]LogModuleManager: Shutting down and abandoning module QuadricMeshReduction (175)
[2018.08.14-22.18.00:871][467]LogModuleManager: Shutting down and abandoning module MaterialBaking (171)
[2018.08.14-22.18.00:871][467]LogModuleManager: Shutting down and abandoning module DirectoryWatcher (167)
[2018.08.14-22.18.00:871][467]LogModuleManager: Shutting down and abandoning module DerivedDataCache (164)
[2018.08.14-22.18.01:218][467]LogDerivedDataCache: Shutdown
[2018.08.14-22.18.01:219][467]LogModuleManager: Shutting down and abandoning module XGEController (162)
[2018.08.14-22.18.01:219][467]LogModuleManager: Shutting down and abandoning module TargetPlatform (160)
[2018.08.14-22.18.01:219][467]LogModuleManager: Shutting down and abandoning module VulkanShaderFormat (159)
[2018.08.14-22.18.01:219][467]LogModuleManager: Shutting down and abandoning module ShaderFormatVectorVM (157)
[2018.08.14-22.18.01:219][467]LogModuleManager: Shutting down and abandoning module ShaderFormatOpenGL (155)
[2018.08.14-22.18.01:219][467]LogModuleManager: Shutting down and abandoning module ShaderFormatD3D (153)
[2018.08.14-22.18.01:219][467]LogModuleManager: Shutting down and abandoning module MetalShaderFormat (151)
[2018.08.14-22.18.01:219][467]LogModuleManager: Shutting down and abandoning module TextureFormatUncompressed (149)
[2018.08.14-22.18.01:219][467]LogModuleManager: Shutting down and abandoning module TextureFormatPVR (147)
[2018.08.14-22.18.01:219][467]LogModuleManager: Shutting down and abandoning module TextureFormatDXT (145)
[2018.08.14-22.18.01:219][467]LogModuleManager: Shutting down and abandoning module TextureFormatIntelISPCTexComp (143)
[2018.08.14-22.18.01:219][467]LogModuleManager: Shutting down and abandoning module TextureFormatASTC (141)
[2018.08.14-22.18.01:219][467]LogModuleManager: Shutting down and abandoning module ImageWrapper (140)
[2018.08.14-22.18.01:219][467]LogModuleManager: Shutting down and abandoning module TextureFormatAndroid (137)
[2018.08.14-22.18.01:219][467]LogModuleManager: Shutting down and abandoning module AudioFormatOpus (135)
[2018.08.14-22.18.01:219][467]LogModuleManager: Shutting down and abandoning module AudioFormatOgg (133)
[2018.08.14-22.18.01:219][467]LogModuleManager: Shutting down and abandoning module AudioFormatADPCM (131)
[2018.08.14-22.18.01:219][467]LogModuleManager: Shutting down and abandoning module LuminTargetPlatform (129)
[2018.08.14-22.18.01:219][467]LogModuleManager: Shutting down and abandoning module LinuxTargetPlatform (127)
[2018.08.14-22.18.01:219][467]LogModuleManager: Shutting down and abandoning module LinuxServerTargetPlatform (125)
[2018.08.14-22.18.01:219][467]LogModuleManager: Shutting down and abandoning module LinuxNoEditorTargetPlatform (123)
[2018.08.14-22.18.01:219][467]LogModuleManager: Shutting down and abandoning module LinuxClientTargetPlatform (121)
[2018.08.14-22.18.01:219][467]LogModuleManager: Shutting down and abandoning module TVOSTargetPlatform (119)
[2018.08.14-22.18.01:220][467]LogModuleManager: Shutting down and abandoning module Messaging (117)
[2018.08.14-22.18.01:220][467]LogModuleManager: Shutting down and abandoning module IOSTargetPlatform (115)
[2018.08.14-22.18.01:220][467]LogModuleManager: Shutting down and abandoning module HTML5TargetPlatform (113)
[2018.08.14-22.18.01:221][467]LogModuleManager: Shutting down and abandoning module AndroidTargetPlatform (111)
[2018.08.14-22.18.01:226][467]LogModuleManager: Shutting down and abandoning module WindowsTargetPlatform (109)
[2018.08.14-22.18.01:226][467]LogModuleManager: Shutting down and abandoning module WindowsServerTargetPlatform (107)
[2018.08.14-22.18.01:226][467]LogModuleManager: Shutting down and abandoning module WindowsNoEditorTargetPlatform (105)
[2018.08.14-22.18.01:226][467]LogModuleManager: Shutting down and abandoning module WindowsClientTargetPlatform (103)
[2018.08.14-22.18.01:226][467]LogModuleManager: Shutting down and abandoning module MacTargetPlatform (101)
[2018.08.14-22.18.01:226][467]LogModuleManager: Shutting down and abandoning module MacServerTargetPlatform (99)
[2018.08.14-22.18.01:226][467]LogModuleManager: Shutting down and abandoning module MacNoEditorTargetPlatform (97)
[2018.08.14-22.18.01:226][467]LogModuleManager: Shutting down and abandoning module MacClientTargetPlatform (95)
[2018.08.14-22.18.01:226][467]LogModuleManager: Shutting down and abandoning module AllDesktopTargetPlatform (93)
[2018.08.14-22.18.01:226][467]LogModuleManager: Shutting down and abandoning module InputCore (90)
[2018.08.14-22.18.01:226][467]LogModuleManager: Shutting down and abandoning module Settings (88)
[2018.08.14-22.18.01:226][467]LogModuleManager: Shutting down and abandoning module PhysXCooking (86)
[2018.08.14-22.18.01:226][467]LogModuleManager: Shutting down and abandoning module SteamVR (84)
[2018.08.14-22.18.01:226][467]LogModuleManager: Shutting down and abandoning module OculusHMD (82)
[2018.08.14-22.18.01:226][467]LogModuleManager: Shutting down and abandoning module ExampleDeviceProfileSelector (80)
[2018.08.14-22.18.01:226][467]LogModuleManager: Shutting down and abandoning module LauncherChunkInstaller (78)
[2018.08.14-22.18.01:226][467]LogModuleManager: Shutting down and abandoning module OnlineBlueprintSupport (76)
[2018.08.14-22.18.01:226][467]LogModuleManager: Shutting down and abandoning module OnlineSubsystem (72)
[2018.08.14-22.18.01:227][467]LogModuleManager: Shutting down and abandoning module XMPP (65)
[2018.08.14-22.18.01:227][467]LogModuleManager: Shutting down and abandoning module WebSockets (64)
[2018.08.14-22.18.01:241][467]LogModuleManager: Shutting down and abandoning module HTTP (61)
[2018.08.14-22.18.01:242][467]LogHttp: Display: Http module shutting down, but needs to wait on 1 outstanding Http requests:
[2018.08.14-22.18.01:242][467]LogHttp: Display: 	verb=[POST] url=[https://datarouter.ol.epicgames.com/datarouter/api/v1/public/data?SessionID=%7B12675EE3-40AE-5603-E8E7-8580F998E3BD%7D&AppID=UEEditor.Rocket.Release&AppVersion=4.20.1-4233996%2B%2B%2BUE4%2BRelease-4.20&UserID=5bc57ed544780ff4b50e2baea7ac3851%7Cc0620606969848c5a6f6727e92813b10%7C0d5aae0d-7b2f-49da-b0d2-ab0eff76cc91&AppEnvironment=datacollector-binary&UploadType=eteventstream] status=Processing
[2018.08.14-22.18.01:258][467]LogModuleManager: Shutting down and abandoning module SSL (60)
[2018.08.14-22.18.01:260][467]LogModuleManager: Shutting down and abandoning module MagicLeapEmulator (56)
[2018.08.14-22.18.01:260][467]LogModuleManager: Shutting down and abandoning module MagicLeapPrivileges (54)
[2018.08.14-22.18.01:260][467]LogModuleManager: Shutting down and abandoning module MagicLeapIdentity (52)
[2018.08.14-22.18.01:260][467]LogModuleManager: Shutting down and abandoning module MagicLeapHelperVulkan (50)
[2018.08.14-22.18.01:260][467]LogModuleManager: Shutting down and abandoning module MagicLeapHelperOpenGL (48)
[2018.08.14-22.18.01:260][467]LogModuleManager: Shutting down and abandoning module MagicLeapSecureStorage (46)
[2018.08.14-22.18.01:260][467]LogModuleManager: Shutting down and abandoning module MagicLeapGestures (44)
[2018.08.14-22.18.01:260][467]LogModuleManager: Shutting down and abandoning module MagicLeapEyeTracker (42)
[2018.08.14-22.18.01:260][467]LogModuleManager: Shutting down and abandoning module MagicLeapController (40)
[2018.08.14-22.18.01:260][467]LogSlate: Slate User Destroyed.  User Index 0, Is Virtual User: 0
[2018.08.14-22.18.01:260][467]LogModuleManager: Shutting down and abandoning module MagicLeap (38)
[2018.08.14-22.18.01:260][467]LogModuleManager: Shutting down and abandoning module AnimationModifiers (36)
[2018.08.14-22.18.01:260][467]LogModuleManager: Shutting down and abandoning module PropertyEditor (35)
[2018.08.14-22.18.01:261][467]LogModuleManager: Shutting down and abandoning module AudioEditor (32)
[2018.08.14-22.18.01:261][467]LogModuleManager: Shutting down and abandoning module TextureCompressor (30)
[2018.08.14-22.18.01:261][467]LogModuleManager: Shutting down and abandoning module ShaderCore (28)
[2018.08.14-22.18.01:261][467]LogModuleManager: Shutting down and abandoning module Landscape (26)
[2018.08.14-22.18.01:261][467]LogModuleManager: Shutting down and abandoning module SlateRHIRenderer (24)
[2018.08.14-22.18.01:261][467]LogModuleManager: Shutting down and abandoning module OpenGLDrv (22)
[2018.08.14-22.18.01:261][467]LogModuleManager: Shutting down and abandoning module D3D11RHI (20)
[2018.08.14-22.18.01:261][467]LogModuleManager: Shutting down and abandoning module AnimGraphRuntime (18)
[2018.08.14-22.18.01:261][467]LogModuleManager: Shutting down and abandoning module Renderer (16)
[2018.08.14-22.18.01:261][467]LogModuleManager: Shutting down and abandoning module Engine (14)
[2018.08.14-22.18.01:261][467]LogModuleManager: Shutting down and abandoning module CoreUObject (12)
[2018.08.14-22.18.01:261][467]LogModuleManager: Shutting down and abandoning module NetworkFile (10)
[2018.08.14-22.18.01:261][467]LogModuleManager: Shutting down and abandoning module CookedIterativeFile (8)
[2018.08.14-22.18.01:261][467]LogModuleManager: Shutting down and abandoning module StreamingFile (6)
[2018.08.14-22.18.01:261][467]LogModuleManager: Shutting down and abandoning module SandboxFile (4)
[2018.08.14-22.18.01:261][467]LogModuleManager: Shutting down and abandoning module PakFile (2)
[2018.08.14-22.18.01:267][467]LogExit: Exiting.
[2018.08.14-22.18.01:272][467]Log file closed, 08/14/18 16:18:01
